[0.015s] Invoking command in '/home/alex/ros_testing/ros_ex_ws/build/custom_interfaces': CMAKE_PREFIX_PATH=/opt/ros/humble /usr/bin/cmake /home/alex/ros_testing/ros_ex_ws/src/custom_interfaces -DCMAKE_INSTALL_PREFIX=/home/alex/ros_testing/ros_ex_ws/install/custom_interfaces
[0.270s] -- The C compiler identification is GNU 11.4.0
[0.422s] -- The CXX compiler identification is GNU 11.4.0
[0.448s] -- Detecting C compiler ABI info
[0.568s] -- Detecting C compiler ABI info - done
[0.577s] -- Check for working C compiler: /usr/bin/cc - skipped
[0.578s] -- Detecting C compile features
[0.580s] -- Detecting C compile features - done
[0.584s] -- Detecting CXX compiler ABI info
[0.681s] -- Detecting CXX compiler ABI info - done
[0.690s] -- Check for working CXX compiler: /usr/bin/c++ - skipped
[0.691s] -- Detecting CXX compile features
[0.692s] -- Detecting CXX compile features - done
[0.700s] -- Found ament_cmake: 1.3.11 (/opt/ros/humble/share/ament_cmake/cmake)
[0.900s] -- Found Python3: /usr/bin/python3 (found version "3.10.12") found components: Interpreter 
[1.054s] -- Found rosidl_default_generators: 1.2.0 (/opt/ros/humble/share/rosidl_default_generators/cmake)
[1.060s] -- Using all available rosidl_typesupport_c: rosidl_typesupport_fastrtps_c;rosidl_typesupport_introspection_c
[1.071s] -- Found rosidl_adapter: 3.1.6 (/opt/ros/humble/share/rosidl_adapter/cmake)
[1.127s] -- Using all available rosidl_typesupport_cpp: rosidl_typesupport_fastrtps_cpp;rosidl_typesupport_introspection_cpp
[1.167s] [31mCMake Error at /opt/ros/humble/share/rosidl_cmake/cmake/rosidl_generate_interfaces.cmake:59 (message):
[1.167s]   rosidl_generate_interfaces() called without any interface files
[1.167s] Call Stack (most recent call first):
[1.167s]   CMakeLists.txt:13 (rosidl_generate_interfaces)
[1.168s] 
[1.170s] [0m
[1.170s] -- Configuring incomplete, errors occurred!
[1.170s] See also "/home/alex/ros_testing/ros_ex_ws/build/custom_interfaces/CMakeFiles/CMakeOutput.log".
[1.175s] Invoked command in '/home/alex/ros_testing/ros_ex_ws/build/custom_interfaces' returned '1': CMAKE_PREFIX_PATH=/opt/ros/humble /usr/bin/cmake /home/alex/ros_testing/ros_ex_ws/src/custom_interfaces -DCMAKE_INSTALL_PREFIX=/home/alex/ros_testing/ros_ex_ws/install/custom_interfaces
