[0.179s] DEBUG:colcon:Command line arguments: ['/usr/bin/colcon', 'build']
[0.179s] DEBUG:colcon:Parsed command line arguments: Namespace(log_base=None, log_level=None, verb_name='build', build_base='build', install_base='install', merge_install=False, symlink_install=False, test_result_base=None, continue_on_error=False, executor='parallel', parallel_workers=2, event_handlers=None, ignore_user_meta=False, metas=['./colcon.meta'], base_paths=['.'], packages_ignore=None, packages_ignore_regex=None, paths=None, packages_up_to=None, packages_up_to_regex=None, packages_above=None, packages_above_and_dependencies=None, packages_above_depth=None, packages_select_by_dep=None, packages_skip_by_dep=None, packages_skip_up_to=None, packages_select_build_failed=False, packages_skip_build_finished=False, packages_select_test_failures=False, packages_skip_test_passed=False, packages_select=None, packages_skip=None, packages_select_regex=None, packages_skip_regex=None, packages_start=None, packages_end=None, allow_overriding=[], cmake_args=None, cmake_target=None, cmake_target_skip_unavailable=False, cmake_clean_cache=False, cmake_clean_first=False, cmake_force_configure=False, ament_cmake_args=None, catkin_cmake_args=None, catkin_skip_building_tests=False, mixin_files=None, mixin=None, verb_parser=<colcon_mixin.mixin.mixin_argument.MixinArgumentDecorator object at 0x742a1c159630>, verb_extension=<colcon_core.verb.build.BuildVerb object at 0x742a1c159060>, main=<bound method BuildVerb.main of <colcon_core.verb.build.BuildVerb object at 0x742a1c159060>>, mixin_verb=('build',))
[0.451s] Level 1:colcon.colcon_core.package_discovery:discover_packages(colcon_meta) check parameters
[0.451s] Level 1:colcon.colcon_core.package_discovery:discover_packages(recursive) check parameters
[0.451s] Level 1:colcon.colcon_core.package_discovery:discover_packages(ignore) check parameters
[0.451s] Level 1:colcon.colcon_core.package_discovery:discover_packages(path) check parameters
[0.451s] Level 1:colcon.colcon_core.package_discovery:discover_packages(colcon_meta) discover
[0.452s] Level 1:colcon.colcon_core.package_discovery:discover_packages(recursive) discover
[0.452s] INFO:colcon.colcon_core.package_discovery:Crawling recursively for packages in '/home/alex/ros_ex_ws'
[0.452s] Level 1:colcon.colcon_core.package_identification:_identify(.) by extensions ['ignore', 'ignore_ament_install']
[0.452s] Level 1:colcon.colcon_core.package_identification:_identify(.) by extension 'ignore'
[0.452s] Level 1:colcon.colcon_core.package_identification:_identify(.) by extension 'ignore_ament_install'
[0.452s] Level 1:colcon.colcon_core.package_identification:_identify(.) by extensions ['colcon_pkg']
[0.452s] Level 1:colcon.colcon_core.package_identification:_identify(.) by extension 'colcon_pkg'
[0.452s] Level 1:colcon.colcon_core.package_identification:_identify(.) by extensions ['colcon_meta']
[0.452s] Level 1:colcon.colcon_core.package_identification:_identify(.) by extension 'colcon_meta'
[0.452s] Level 1:colcon.colcon_core.package_identification:_identify(.) by extensions ['ros']
[0.452s] Level 1:colcon.colcon_core.package_identification:_identify(.) by extension 'ros'
[0.470s] Level 1:colcon.colcon_core.package_identification:_identify(.) by extensions ['cmake', 'python']
[0.470s] Level 1:colcon.colcon_core.package_identification:_identify(.) by extension 'cmake'
[0.470s] Level 1:colcon.colcon_core.package_identification:_identify(.) by extension 'python'
[0.470s] Level 1:colcon.colcon_core.package_identification:_identify(.) by extensions ['python_setup_py']
[0.470s] Level 1:colcon.colcon_core.package_identification:_identify(.) by extension 'python_setup_py'
[0.470s] Level 1:colcon.colcon_core.package_identification:_identify(build) by extensions ['ignore', 'ignore_ament_install']
[0.470s] Level 1:colcon.colcon_core.package_identification:_identify(build) by extension 'ignore'
[0.470s] Level 1:colcon.colcon_core.package_identification:_identify(build) ignored
[0.470s] Level 1:colcon.colcon_core.package_identification:_identify(install) by extensions ['ignore', 'ignore_ament_install']
[0.470s] Level 1:colcon.colcon_core.package_identification:_identify(install) by extension 'ignore'
[0.470s] Level 1:colcon.colcon_core.package_identification:_identify(install) ignored
[0.470s] Level 1:colcon.colcon_core.package_identification:_identify(log) by extensions ['ignore', 'ignore_ament_install']
[0.471s] Level 1:colcon.colcon_core.package_identification:_identify(log) by extension 'ignore'
[0.471s] Level 1:colcon.colcon_core.package_identification:_identify(log) ignored
[0.471s] Level 1:colcon.colcon_core.package_identification:_identify(src) by extensions ['ignore', 'ignore_ament_install']
[0.471s] Level 1:colcon.colcon_core.package_identification:_identify(src) by extension 'ignore'
[0.471s] Level 1:colcon.colcon_core.package_identification:_identify(src) by extension 'ignore_ament_install'
[0.471s] Level 1:colcon.colcon_core.package_identification:_identify(src) by extensions ['colcon_pkg']
[0.471s] Level 1:colcon.colcon_core.package_identification:_identify(src) by extension 'colcon_pkg'
[0.472s] Level 1:colcon.colcon_core.package_identification:_identify(src) by extensions ['colcon_meta']
[0.472s] Level 1:colcon.colcon_core.package_identification:_identify(src) by extension 'colcon_meta'
[0.472s] Level 1:colcon.colcon_core.package_identification:_identify(src) by extensions ['ros']
[0.472s] Level 1:colcon.colcon_core.package_identification:_identify(src) by extension 'ros'
[0.472s] Level 1:colcon.colcon_core.package_identification:_identify(src) by extensions ['cmake', 'python']
[0.472s] Level 1:colcon.colcon_core.package_identification:_identify(src) by extension 'cmake'
[0.472s] Level 1:colcon.colcon_core.package_identification:_identify(src) by extension 'python'
[0.472s] Level 1:colcon.colcon_core.package_identification:_identify(src) by extensions ['python_setup_py']
[0.472s] Level 1:colcon.colcon_core.package_identification:_identify(src) by extension 'python_setup_py'
[0.472s] Level 1:colcon.colcon_core.package_identification:_identify(src/turtlebot_nodes) by extensions ['ignore', 'ignore_ament_install']
[0.472s] Level 1:colcon.colcon_core.package_identification:_identify(src/turtlebot_nodes) by extension 'ignore'
[0.472s] Level 1:colcon.colcon_core.package_identification:_identify(src/turtlebot_nodes) by extension 'ignore_ament_install'
[0.473s] Level 1:colcon.colcon_core.package_identification:_identify(src/turtlebot_nodes) by extensions ['colcon_pkg']
[0.473s] Level 1:colcon.colcon_core.package_identification:_identify(src/turtlebot_nodes) by extension 'colcon_pkg'
[0.473s] Level 1:colcon.colcon_core.package_identification:_identify(src/turtlebot_nodes) by extensions ['colcon_meta']
[0.473s] Level 1:colcon.colcon_core.package_identification:_identify(src/turtlebot_nodes) by extension 'colcon_meta'
[0.473s] Level 1:colcon.colcon_core.package_identification:_identify(src/turtlebot_nodes) by extensions ['ros']
[0.473s] Level 1:colcon.colcon_core.package_identification:_identify(src/turtlebot_nodes) by extension 'ros'
[0.477s] DEBUG:colcon.colcon_core.package_identification:Package 'src/turtlebot_nodes' with type 'ros.ament_python' and name 'turtlebot_nodes'
[0.477s] Level 1:colcon.colcon_core.package_discovery:discover_packages(recursive) using defaults
[0.477s] Level 1:colcon.colcon_core.package_discovery:discover_packages(ignore) discover
[0.479s] Level 1:colcon.colcon_core.package_discovery:discover_packages(ignore) using defaults
[0.479s] Level 1:colcon.colcon_core.package_discovery:discover_packages(path) discover
[0.479s] Level 1:colcon.colcon_core.package_discovery:discover_packages(path) using defaults
[0.528s] Level 1:colcon.colcon_core.package_discovery:discover_packages(prefix_path) check parameters
[0.528s] Level 1:colcon.colcon_core.package_discovery:discover_packages(prefix_path) discover
[0.530s] DEBUG:colcon.colcon_installed_package_information.package_discovery:Found 1 installed packages in /home/alex/ros_ex_ws/install
[0.532s] DEBUG:colcon.colcon_installed_package_information.package_discovery:Found 326 installed packages in /opt/ros/humble
[0.534s] Level 1:colcon.colcon_core.package_discovery:discover_packages(prefix_path) using defaults
[0.611s] Level 5:colcon.colcon_core.verb:set package 'turtlebot_nodes' build argument 'cmake_args' from command line to 'None'
[0.611s] Level 5:colcon.colcon_core.verb:set package 'turtlebot_nodes' build argument 'cmake_target' from command line to 'None'
[0.611s] Level 5:colcon.colcon_core.verb:set package 'turtlebot_nodes' build argument 'cmake_target_skip_unavailable' from command line to 'False'
[0.611s] Level 5:colcon.colcon_core.verb:set package 'turtlebot_nodes' build argument 'cmake_clean_cache' from command line to 'False'
[0.611s] Level 5:colcon.colcon_core.verb:set package 'turtlebot_nodes' build argument 'cmake_clean_first' from command line to 'False'
[0.611s] Level 5:colcon.colcon_core.verb:set package 'turtlebot_nodes' build argument 'cmake_force_configure' from command line to 'False'
[0.611s] Level 5:colcon.colcon_core.verb:set package 'turtlebot_nodes' build argument 'ament_cmake_args' from command line to 'None'
[0.611s] Level 5:colcon.colcon_core.verb:set package 'turtlebot_nodes' build argument 'catkin_cmake_args' from command line to 'None'
[0.611s] Level 5:colcon.colcon_core.verb:set package 'turtlebot_nodes' build argument 'catkin_skip_building_tests' from command line to 'False'
[0.611s] DEBUG:colcon.colcon_core.verb:Building package 'turtlebot_nodes' with the following arguments: {'ament_cmake_args': None, 'build_base': '/home/alex/ros_ex_ws/build/turtlebot_nodes', 'catkin_cmake_args': None, 'catkin_skip_building_tests': False, 'cmake_args': None, 'cmake_clean_cache': False, 'cmake_clean_first': False, 'cmake_force_configure': False, 'cmake_target': None, 'cmake_target_skip_unavailable': False, 'install_base': '/home/alex/ros_ex_ws/install/turtlebot_nodes', 'merge_install': False, 'path': '/home/alex/ros_ex_ws/src/turtlebot_nodes', 'symlink_install': False, 'test_result_base': None}
[0.611s] INFO:colcon.colcon_core.executor:Executing jobs using 'parallel' executor
[0.614s] DEBUG:colcon.colcon_parallel_executor.executor.parallel:run_until_complete
[0.614s] INFO:colcon.colcon_ros.task.ament_python.build:Building ROS package in '/home/alex/ros_ex_ws/src/turtlebot_nodes' with build type 'ament_python'
[0.615s] Level 1:colcon.colcon_core.shell:create_environment_hook('turtlebot_nodes', 'ament_prefix_path')
[0.619s] INFO:colcon.colcon_core.plugin_system:Skipping extension 'colcon_core.shell.bat': Not used on non-Windows systems
[0.619s] INFO:colcon.colcon_core.shell:Creating environment hook '/home/alex/ros_ex_ws/install/turtlebot_nodes/share/turtlebot_nodes/hook/ament_prefix_path.ps1'
[0.622s] INFO:colcon.colcon_core.shell:Creating environment descriptor '/home/alex/ros_ex_ws/install/turtlebot_nodes/share/turtlebot_nodes/hook/ament_prefix_path.dsv'
[0.624s] INFO:colcon.colcon_core.shell:Creating environment hook '/home/alex/ros_ex_ws/install/turtlebot_nodes/share/turtlebot_nodes/hook/ament_prefix_path.sh'
[0.625s] INFO:colcon.colcon_core.shell:Skip shell extension 'powershell' for command environment: Not usable outside of PowerShell
[0.625s] DEBUG:colcon.colcon_core.shell:Skip shell extension 'dsv' for command environment
[1.063s] INFO:colcon.colcon_core.task.python.build:Building Python package in '/home/alex/ros_ex_ws/src/turtlebot_nodes'
[1.064s] INFO:colcon.colcon_core.shell:Skip shell extension 'powershell' for command environment: Not usable outside of PowerShell
[1.064s] DEBUG:colcon.colcon_core.shell:Skip shell extension 'dsv' for command environment
[1.584s] DEBUG:colcon.colcon_core.event_handler.log_command:Invoking command in '/home/alex/ros_ex_ws/src/turtlebot_nodes': PYTHONPATH=/home/alex/ros_ex_ws/build/turtlebot_nodes/prefix_override:/usr/lib/python3/dist-packages/colcon_core/task/python/colcon_distutils_commands:/home/alex/ros_ex_ws/install/turtlebot_nodes/lib/python3.10/site-packages:${PYTHONPATH} /usr/bin/python3 -W ignore:setup.py install is deprecated -W ignore:easy_install command is deprecated setup.py egg_info --egg-base ../../build/turtlebot_nodes build --build-base /home/alex/ros_ex_ws/build/turtlebot_nodes/build install --record /home/alex/ros_ex_ws/build/turtlebot_nodes/install.log --single-version-externally-managed install_data
[2.045s] DEBUG:colcon.colcon_core.event_handler.log_command:Invoked command in '/home/alex/ros_ex_ws/src/turtlebot_nodes' returned '0': PYTHONPATH=/home/alex/ros_ex_ws/build/turtlebot_nodes/prefix_override:/usr/lib/python3/dist-packages/colcon_core/task/python/colcon_distutils_commands:/home/alex/ros_ex_ws/install/turtlebot_nodes/lib/python3.10/site-packages:${PYTHONPATH} /usr/bin/python3 -W ignore:setup.py install is deprecated -W ignore:easy_install command is deprecated setup.py egg_info --egg-base ../../build/turtlebot_nodes build --build-base /home/alex/ros_ex_ws/build/turtlebot_nodes/build install --record /home/alex/ros_ex_ws/build/turtlebot_nodes/install.log --single-version-externally-managed install_data
[2.047s] Level 1:colcon.colcon_core.environment:checking '/home/alex/ros_ex_ws/install/turtlebot_nodes' for CMake module files
[2.048s] Level 1:colcon.colcon_core.environment:checking '/home/alex/ros_ex_ws/install/turtlebot_nodes' for CMake config files
[2.049s] Level 1:colcon.colcon_core.environment:checking '/home/alex/ros_ex_ws/install/turtlebot_nodes/lib'
[2.049s] Level 1:colcon.colcon_core.environment:checking '/home/alex/ros_ex_ws/install/turtlebot_nodes/bin'
[2.049s] Level 1:colcon.colcon_core.environment:checking '/home/alex/ros_ex_ws/install/turtlebot_nodes/lib/pkgconfig/turtlebot_nodes.pc'
[2.049s] Level 1:colcon.colcon_core.environment:checking '/home/alex/ros_ex_ws/install/turtlebot_nodes/lib/python3.10/site-packages'
[2.049s] Level 1:colcon.colcon_core.shell:create_environment_hook('turtlebot_nodes', 'pythonpath')
[2.049s] INFO:colcon.colcon_core.shell:Creating environment hook '/home/alex/ros_ex_ws/install/turtlebot_nodes/share/turtlebot_nodes/hook/pythonpath.ps1'
[2.050s] INFO:colcon.colcon_core.shell:Creating environment descriptor '/home/alex/ros_ex_ws/install/turtlebot_nodes/share/turtlebot_nodes/hook/pythonpath.dsv'
[2.050s] INFO:colcon.colcon_core.shell:Creating environment hook '/home/alex/ros_ex_ws/install/turtlebot_nodes/share/turtlebot_nodes/hook/pythonpath.sh'
[2.051s] Level 1:colcon.colcon_core.environment:checking '/home/alex/ros_ex_ws/install/turtlebot_nodes/bin'
[2.051s] Level 1:colcon.colcon_core.environment:create_environment_scripts_only(turtlebot_nodes)
[2.051s] INFO:colcon.colcon_core.shell:Creating package script '/home/alex/ros_ex_ws/install/turtlebot_nodes/share/turtlebot_nodes/package.ps1'
[2.052s] INFO:colcon.colcon_core.shell:Creating package descriptor '/home/alex/ros_ex_ws/install/turtlebot_nodes/share/turtlebot_nodes/package.dsv'
[2.053s] INFO:colcon.colcon_core.shell:Creating package script '/home/alex/ros_ex_ws/install/turtlebot_nodes/share/turtlebot_nodes/package.sh'
[2.053s] INFO:colcon.colcon_core.shell:Creating package script '/home/alex/ros_ex_ws/install/turtlebot_nodes/share/turtlebot_nodes/package.bash'
[2.054s] INFO:colcon.colcon_core.shell:Creating package script '/home/alex/ros_ex_ws/install/turtlebot_nodes/share/turtlebot_nodes/package.zsh'
[2.055s] Level 1:colcon.colcon_core.environment:create_file_with_runtime_dependencies(/home/alex/ros_ex_ws/install/turtlebot_nodes/share/colcon-core/packages/turtlebot_nodes)
[2.056s] DEBUG:colcon.colcon_parallel_executor.executor.parallel:closing loop
[2.059s] DEBUG:colcon.colcon_parallel_executor.executor.parallel:loop closed
[2.059s] DEBUG:colcon.colcon_parallel_executor.executor.parallel:run_until_complete finished with '0'
[2.060s] DEBUG:colcon.colcon_core.event_reactor:joining thread
[2.066s] INFO:colcon.colcon_core.plugin_system:Skipping extension 'colcon_notification.desktop_notification.terminal_notifier': Not used on non-Darwin systems
[2.067s] INFO:colcon.colcon_core.plugin_system:Skipping extension 'colcon_notification.desktop_notification.win32': Not used on non-Windows systems
[2.067s] INFO:colcon.colcon_notification.desktop_notification:Sending desktop notification using 'notify2'
[2.094s] DEBUG:colcon.colcon_core.event_reactor:joined thread
[2.094s] INFO:colcon.colcon_core.shell:Creating prefix script '/home/alex/ros_ex_ws/install/local_setup.ps1'
[2.096s] INFO:colcon.colcon_core.shell:Creating prefix util module '/home/alex/ros_ex_ws/install/_local_setup_util_ps1.py'
[2.097s] INFO:colcon.colcon_core.shell:Creating prefix chain script '/home/alex/ros_ex_ws/install/setup.ps1'
[2.100s] INFO:colcon.colcon_core.shell:Creating prefix script '/home/alex/ros_ex_ws/install/local_setup.sh'
[2.100s] INFO:colcon.colcon_core.shell:Creating prefix util module '/home/alex/ros_ex_ws/install/_local_setup_util_sh.py'
[2.101s] INFO:colcon.colcon_core.shell:Creating prefix chain script '/home/alex/ros_ex_ws/install/setup.sh'
[2.103s] INFO:colcon.colcon_core.shell:Creating prefix script '/home/alex/ros_ex_ws/install/local_setup.bash'
[2.104s] INFO:colcon.colcon_core.shell:Creating prefix chain script '/home/alex/ros_ex_ws/install/setup.bash'
[2.105s] INFO:colcon.colcon_core.shell:Creating prefix script '/home/alex/ros_ex_ws/install/local_setup.zsh'
[2.106s] INFO:colcon.colcon_core.shell:Creating prefix chain script '/home/alex/ros_ex_ws/install/setup.zsh'
