[0.372s] Invoking command in '/home/alex/ros_ex_ws/src/turtlebot_nodes': PYTHONPATH=/home/alex/ros_ex_ws/build/turtlebot_nodes/prefix_override:/usr/lib/python3/dist-packages/colcon_core/task/python/colcon_distutils_commands:/home/alex/ros_ex_ws/install/turtlebot_nodes/lib/python3.10/site-packages: /usr/bin/python3 -W ignore:setup.py install is deprecated -W ignore:easy_install command is deprecated setup.py egg_info --egg-base ../../build/turtlebot_nodes build --build-base /home/alex/ros_ex_ws/build/turtlebot_nodes/build install --record /home/alex/ros_ex_ws/build/turtlebot_nodes/install.log --single-version-externally-managed install_data
[0.530s] running egg_info
[0.532s] writing ../../build/turtlebot_nodes/turtlebot_nodes.egg-info/PKG-INFO
[0.532s] writing dependency_links to ../../build/turtlebot_nodes/turtlebot_nodes.egg-info/dependency_links.txt
[0.532s] writing entry points to ../../build/turtlebot_nodes/turtlebot_nodes.egg-info/entry_points.txt
[0.532s] writing requirements to ../../build/turtlebot_nodes/turtlebot_nodes.egg-info/requires.txt
[0.532s] writing top-level names to ../../build/turtlebot_nodes/turtlebot_nodes.egg-info/top_level.txt
[0.532s] reading manifest file '../../build/turtlebot_nodes/turtlebot_nodes.egg-info/SOURCES.txt'
[0.533s] writing manifest file '../../build/turtlebot_nodes/turtlebot_nodes.egg-info/SOURCES.txt'
[0.533s] running build
[0.533s] running build_py
[0.533s] copying turtlebot_nodes/pub_pose_filtered.py -> /home/alex/ros_ex_ws/build/turtlebot_nodes/build/lib/turtlebot_nodes
[0.534s] copying turtlebot_nodes/occupancy_map.py -> /home/alex/ros_ex_ws/build/turtlebot_nodes/build/lib/turtlebot_nodes
[0.534s] running install
[0.534s] running install_lib
[0.535s] copying /home/alex/ros_ex_ws/build/turtlebot_nodes/build/lib/turtlebot_nodes/pub_pose_filtered.py -> /home/alex/ros_ex_ws/install/turtlebot_nodes/lib/python3.10/site-packages/turtlebot_nodes
[0.535s] copying /home/alex/ros_ex_ws/build/turtlebot_nodes/build/lib/turtlebot_nodes/occupancy_map.py -> /home/alex/ros_ex_ws/install/turtlebot_nodes/lib/python3.10/site-packages/turtlebot_nodes
[0.536s] byte-compiling /home/alex/ros_ex_ws/install/turtlebot_nodes/lib/python3.10/site-packages/turtlebot_nodes/pub_pose_filtered.py to pub_pose_filtered.cpython-310.pyc
[0.536s] byte-compiling /home/alex/ros_ex_ws/install/turtlebot_nodes/lib/python3.10/site-packages/turtlebot_nodes/occupancy_map.py to occupancy_map.cpython-310.pyc
[0.538s] running install_data
[0.538s] running install_egg_info
[0.538s] removing '/home/alex/ros_ex_ws/install/turtlebot_nodes/lib/python3.10/site-packages/turtlebot_nodes-0.0.0-py3.10.egg-info' (and everything under it)
[0.539s] Copying ../../build/turtlebot_nodes/turtlebot_nodes.egg-info to /home/alex/ros_ex_ws/install/turtlebot_nodes/lib/python3.10/site-packages/turtlebot_nodes-0.0.0-py3.10.egg-info
[0.541s] running install_scripts
[0.560s] Installing lab2_test_node script to /home/alex/ros_ex_ws/install/turtlebot_nodes/lib/turtlebot_nodes
[0.562s] Installing map_pub script to /home/alex/ros_ex_ws/install/turtlebot_nodes/lib/turtlebot_nodes
[0.562s] Installing pub_pose script to /home/alex/ros_ex_ws/install/turtlebot_nodes/lib/turtlebot_nodes
[0.562s] writing list of installed files to '/home/alex/ros_ex_ws/build/turtlebot_nodes/install.log'
[0.583s] Invoked command in '/home/alex/ros_ex_ws/src/turtlebot_nodes' returned '0': PYTHONPATH=/home/alex/ros_ex_ws/build/turtlebot_nodes/prefix_override:/usr/lib/python3/dist-packages/colcon_core/task/python/colcon_distutils_commands:/home/alex/ros_ex_ws/install/turtlebot_nodes/lib/python3.10/site-packages: /usr/bin/python3 -W ignore:setup.py install is deprecated -W ignore:easy_install command is deprecated setup.py egg_info --egg-base ../../build/turtlebot_nodes build --build-base /home/alex/ros_ex_ws/build/turtlebot_nodes/build install --record /home/alex/ros_ex_ws/build/turtlebot_nodes/install.log --single-version-externally-managed install_data
