[0.546s] Invoking command in '/home/alex/ros_ex_ws/src/turtlebot_nodes': PYTHONPATH=/home/alex/ros_ex_ws/build/turtlebot_nodes/prefix_override:/usr/lib/python3/dist-packages/colcon_core/task/python/colcon_distutils_commands:/home/alex/ros_ex_ws/install/turtlebot_nodes/lib/python3.10/site-packages:${PYTHONPATH} /usr/bin/python3 -W ignore:setup.py install is deprecated -W ignore:easy_install command is deprecated setup.py egg_info --egg-base ../../build/turtlebot_nodes build --build-base /home/alex/ros_ex_ws/build/turtlebot_nodes/build install --record /home/alex/ros_ex_ws/build/turtlebot_nodes/install.log --single-version-externally-managed install_data
[0.797s] running egg_info
[0.798s] writing ../../build/turtlebot_nodes/turtlebot_nodes.egg-info/PKG-INFO
[0.798s] writing dependency_links to ../../build/turtlebot_nodes/turtlebot_nodes.egg-info/dependency_links.txt
[0.799s] writing entry points to ../../build/turtlebot_nodes/turtlebot_nodes.egg-info/entry_points.txt
[0.799s] writing requirements to ../../build/turtlebot_nodes/turtlebot_nodes.egg-info/requires.txt
[0.799s] writing top-level names to ../../build/turtlebot_nodes/turtlebot_nodes.egg-info/top_level.txt
[0.799s] reading manifest file '../../build/turtlebot_nodes/turtlebot_nodes.egg-info/SOURCES.txt'
[0.800s] writing manifest file '../../build/turtlebot_nodes/turtlebot_nodes.egg-info/SOURCES.txt'
[0.800s] running build
[0.800s] running build_py
[0.801s] copying turtlebot_nodes/occupancy_map.py -> /home/alex/ros_ex_ws/build/turtlebot_nodes/build/lib/turtlebot_nodes
[0.801s] running install
[0.802s] running install_lib
[0.802s] copying /home/alex/ros_ex_ws/build/turtlebot_nodes/build/lib/turtlebot_nodes/occupancy_map.py -> /home/alex/ros_ex_ws/install/turtlebot_nodes/lib/python3.10/site-packages/turtlebot_nodes
[0.803s] byte-compiling /home/alex/ros_ex_ws/install/turtlebot_nodes/lib/python3.10/site-packages/turtlebot_nodes/occupancy_map.py to occupancy_map.cpython-310.pyc
[0.804s] running install_data
[0.804s] running install_egg_info
[0.806s] removing '/home/alex/ros_ex_ws/install/turtlebot_nodes/lib/python3.10/site-packages/turtlebot_nodes-0.0.0-py3.10.egg-info' (and everything under it)
[0.806s] Copying ../../build/turtlebot_nodes/turtlebot_nodes.egg-info to /home/alex/ros_ex_ws/install/turtlebot_nodes/lib/python3.10/site-packages/turtlebot_nodes-0.0.0-py3.10.egg-info
[0.809s] running install_scripts
[0.822s] Installing lab2_test_node script to /home/alex/ros_ex_ws/install/turtlebot_nodes/lib/turtlebot_nodes
[0.822s] Installing map_pub script to /home/alex/ros_ex_ws/install/turtlebot_nodes/lib/turtlebot_nodes
[0.823s] Installing pub_pose script to /home/alex/ros_ex_ws/install/turtlebot_nodes/lib/turtlebot_nodes
[0.823s] writing list of installed files to '/home/alex/ros_ex_ws/build/turtlebot_nodes/install.log'
[0.847s] Invoked command in '/home/alex/ros_ex_ws/src/turtlebot_nodes' returned '0': PYTHONPATH=/home/alex/ros_ex_ws/build/turtlebot_nodes/prefix_override:/usr/lib/python3/dist-packages/colcon_core/task/python/colcon_distutils_commands:/home/alex/ros_ex_ws/install/turtlebot_nodes/lib/python3.10/site-packages:${PYTHONPATH} /usr/bin/python3 -W ignore:setup.py install is deprecated -W ignore:easy_install command is deprecated setup.py egg_info --egg-base ../../build/turtlebot_nodes build --build-base /home/alex/ros_ex_ws/build/turtlebot_nodes/build install --record /home/alex/ros_ex_ws/build/turtlebot_nodes/install.log --single-version-externally-managed install_data
