[0.009s] Invoking command in '/home/alex/ros_testing/ros_ex_ws/build/custom_interfaces': CMAKE_PREFIX_PATH=/opt/ros/humble /usr/bin/cmake --build /home/alex/ros_testing/ros_ex_ws/build/custom_interfaces -- -j2 -l2
[0.052s] [35m[1mConsolidate compiler generated dependencies of target custom_interfaces__rosidl_generator_c[0m
[0.060s] [  3%] Built target custom_interfaces__cpp
[0.064s] [ 12%] Built target custom_interfaces__rosidl_generator_c
[0.072s] [35m[1mConsolidate compiler generated dependencies of target custom_interfaces__rosidl_typesupport_cpp[0m
[0.087s] [ 22%] Built target custom_interfaces__rosidl_typesupport_cpp
[0.091s] [ 22%] Built target ament_cmake_python_copy_custom_interfaces
[0.097s] [35m[1mConsolidate compiler generated dependencies of target custom_interfaces__rosidl_typesupport_fastrtps_c[0m
[0.103s] [35m[1mConsolidate compiler generated dependencies of target custom_interfaces__rosidl_typesupport_introspection_c[0m
[0.114s] [ 32%] Built target custom_interfaces__rosidl_typesupport_fastrtps_c
[0.115s] [ 41%] Built target custom_interfaces__rosidl_typesupport_introspection_c
[0.127s] [35m[1mConsolidate compiler generated dependencies of target custom_interfaces__rosidl_typesupport_fastrtps_cpp[0m
[0.132s] [35m[1mConsolidate compiler generated dependencies of target custom_interfaces__rosidl_typesupport_c[0m
[0.151s] [ 51%] Built target custom_interfaces__rosidl_typesupport_c
[0.155s] [ 61%] Built target custom_interfaces__rosidl_typesupport_fastrtps_cpp
[0.162s] [35m[1mConsolidate compiler generated dependencies of target custom_interfaces__rosidl_typesupport_introspection_cpp[0m
[0.180s] [ 70%] Built target custom_interfaces__rosidl_typesupport_introspection_cpp
[0.200s] [ 70%] Built target custom_interfaces
[0.222s] [ 74%] Built target custom_interfaces__py
[0.233s] [35m[1mConsolidate compiler generated dependencies of target custom_interfaces__rosidl_generator_py[0m
[0.253s] [ 80%] Built target custom_interfaces__rosidl_generator_py
[0.262s] [35m[1mConsolidate compiler generated dependencies of target custom_interfaces__rosidl_typesupport_fastrtps_c__pyext[0m
[0.278s] [ 87%] Built target custom_interfaces__rosidl_typesupport_fastrtps_c__pyext
[0.304s] [35m[1mConsolidate compiler generated dependencies of target custom_interfaces__rosidl_typesupport_introspection_c__pyext[0m
[0.320s] [ 93%] Built target custom_interfaces__rosidl_typesupport_introspection_c__pyext
[0.331s] [35m[1mConsolidate compiler generated dependencies of target custom_interfaces__rosidl_typesupport_c__pyext[0m
[0.345s] [100%] Built target custom_interfaces__rosidl_typesupport_c__pyext
[0.456s] running egg_info
[0.457s] writing custom_interfaces.egg-info/PKG-INFO
[0.457s] writing dependency_links to custom_interfaces.egg-info/dependency_links.txt
[0.457s] writing top-level names to custom_interfaces.egg-info/top_level.txt
[0.459s] reading manifest file 'custom_interfaces.egg-info/SOURCES.txt'
[0.462s] writing manifest file 'custom_interfaces.egg-info/SOURCES.txt'
[0.497s] [100%] Built target ament_cmake_python_build_custom_interfaces_egg
[0.515s] Invoked command in '/home/alex/ros_testing/ros_ex_ws/build/custom_interfaces' returned '0': CMAKE_PREFIX_PATH=/opt/ros/humble /usr/bin/cmake --build /home/alex/ros_testing/ros_ex_ws/build/custom_interfaces -- -j2 -l2
[0.532s] Invoking command in '/home/alex/ros_testing/ros_ex_ws/build/custom_interfaces': CMAKE_PREFIX_PATH=/opt/ros/humble /usr/bin/cmake --install /home/alex/ros_testing/ros_ex_ws/build/custom_interfaces
[0.548s] -- Install configuration: ""
[0.553s] -- Up-to-date: /home/alex/ros_testing/ros_ex_ws/install/custom_interfaces/share/ament_index/resource_index/rosidl_interfaces/custom_interfaces
[0.553s] -- Up-to-date: /home/alex/ros_testing/ros_ex_ws/install/custom_interfaces/include/custom_interfaces/custom_interfaces
[0.553s] -- Up-to-date: /home/alex/ros_testing/ros_ex_ws/install/custom_interfaces/include/custom_interfaces/custom_interfaces/action
[0.553s] -- Up-to-date: /home/alex/ros_testing/ros_ex_ws/install/custom_interfaces/include/custom_interfaces/custom_interfaces/action/robot_goal.h
[0.553s] -- Up-to-date: /home/alex/ros_testing/ros_ex_ws/install/custom_interfaces/include/custom_interfaces/custom_interfaces/action/detail
[0.553s] -- Up-to-date: /home/alex/ros_testing/ros_ex_ws/install/custom_interfaces/include/custom_interfaces/custom_interfaces/action/detail/robot_goal__type_support.h
[0.554s] -- Up-to-date: /home/alex/ros_testing/ros_ex_ws/install/custom_interfaces/include/custom_interfaces/custom_interfaces/action/detail/robot_goal__functions.c
[0.554s] -- Up-to-date: /home/alex/ros_testing/ros_ex_ws/install/custom_interfaces/include/custom_interfaces/custom_interfaces/action/detail/robot_goal__functions.h
[0.554s] -- Up-to-date: /home/alex/ros_testing/ros_ex_ws/install/custom_interfaces/include/custom_interfaces/custom_interfaces/action/detail/robot_goal__struct.h
[0.554s] -- Up-to-date: /home/alex/ros_testing/ros_ex_ws/install/custom_interfaces/include/custom_interfaces/custom_interfaces/msg
[0.554s] -- Up-to-date: /home/alex/ros_testing/ros_ex_ws/install/custom_interfaces/include/custom_interfaces/custom_interfaces/msg/rosidl_generator_c__visibility_control.h
[0.554s] -- Up-to-date: /home/alex/ros_testing/ros_ex_ws/install/custom_interfaces/share/custom_interfaces/environment/library_path.sh
[0.554s] -- Up-to-date: /home/alex/ros_testing/ros_ex_ws/install/custom_interfaces/share/custom_interfaces/environment/library_path.dsv
[0.554s] -- Up-to-date: /home/alex/ros_testing/ros_ex_ws/install/custom_interfaces/lib/libcustom_interfaces__rosidl_generator_c.so
[0.554s] -- Up-to-date: /home/alex/ros_testing/ros_ex_ws/install/custom_interfaces/include/custom_interfaces/custom_interfaces
[0.554s] -- Up-to-date: /home/alex/ros_testing/ros_ex_ws/install/custom_interfaces/include/custom_interfaces/custom_interfaces/action
[0.554s] -- Up-to-date: /home/alex/ros_testing/ros_ex_ws/install/custom_interfaces/include/custom_interfaces/custom_interfaces/action/detail
[0.555s] -- Up-to-date: /home/alex/ros_testing/ros_ex_ws/install/custom_interfaces/include/custom_interfaces/custom_interfaces/action/detail/robot_goal__rosidl_typesupport_fastrtps_c.h
[0.556s] -- Up-to-date: /home/alex/ros_testing/ros_ex_ws/install/custom_interfaces/include/custom_interfaces/custom_interfaces/msg
[0.556s] -- Up-to-date: /home/alex/ros_testing/ros_ex_ws/install/custom_interfaces/include/custom_interfaces/custom_interfaces/msg/rosidl_typesupport_fastrtps_c__visibility_control.h
[0.556s] -- Up-to-date: /home/alex/ros_testing/ros_ex_ws/install/custom_interfaces/lib/libcustom_interfaces__rosidl_typesupport_fastrtps_c.so
[0.556s] -- Up-to-date: /home/alex/ros_testing/ros_ex_ws/install/custom_interfaces/include/custom_interfaces/custom_interfaces
[0.557s] -- Up-to-date: /home/alex/ros_testing/ros_ex_ws/install/custom_interfaces/include/custom_interfaces/custom_interfaces/action
[0.557s] -- Up-to-date: /home/alex/ros_testing/ros_ex_ws/install/custom_interfaces/include/custom_interfaces/custom_interfaces/action/detail
[0.557s] -- Up-to-date: /home/alex/ros_testing/ros_ex_ws/install/custom_interfaces/include/custom_interfaces/custom_interfaces/action/detail/robot_goal__type_support.c
[0.557s] -- Up-to-date: /home/alex/ros_testing/ros_ex_ws/install/custom_interfaces/include/custom_interfaces/custom_interfaces/action/detail/robot_goal__rosidl_typesupport_introspection_c.h
[0.557s] -- Up-to-date: /home/alex/ros_testing/ros_ex_ws/install/custom_interfaces/include/custom_interfaces/custom_interfaces/msg
[0.558s] -- Up-to-date: /home/alex/ros_testing/ros_ex_ws/install/custom_interfaces/include/custom_interfaces/custom_interfaces/msg/rosidl_typesupport_introspection_c__visibility_control.h
[0.558s] -- Up-to-date: /home/alex/ros_testing/ros_ex_ws/install/custom_interfaces/lib/libcustom_interfaces__rosidl_typesupport_introspection_c.so
[0.558s] -- Up-to-date: /home/alex/ros_testing/ros_ex_ws/install/custom_interfaces/lib/libcustom_interfaces__rosidl_typesupport_c.so
[0.558s] -- Up-to-date: /home/alex/ros_testing/ros_ex_ws/install/custom_interfaces/include/custom_interfaces/custom_interfaces
[0.558s] -- Up-to-date: /home/alex/ros_testing/ros_ex_ws/install/custom_interfaces/include/custom_interfaces/custom_interfaces/action
[0.558s] -- Up-to-date: /home/alex/ros_testing/ros_ex_ws/install/custom_interfaces/include/custom_interfaces/custom_interfaces/action/robot_goal.hpp
[0.558s] -- Up-to-date: /home/alex/ros_testing/ros_ex_ws/install/custom_interfaces/include/custom_interfaces/custom_interfaces/action/detail
[0.558s] -- Up-to-date: /home/alex/ros_testing/ros_ex_ws/install/custom_interfaces/include/custom_interfaces/custom_interfaces/action/detail/robot_goal__type_support.hpp
[0.558s] -- Up-to-date: /home/alex/ros_testing/ros_ex_ws/install/custom_interfaces/include/custom_interfaces/custom_interfaces/action/detail/robot_goal__struct.hpp
[0.558s] -- Up-to-date: /home/alex/ros_testing/ros_ex_ws/install/custom_interfaces/include/custom_interfaces/custom_interfaces/action/detail/robot_goal__traits.hpp
[0.558s] -- Up-to-date: /home/alex/ros_testing/ros_ex_ws/install/custom_interfaces/include/custom_interfaces/custom_interfaces/action/detail/robot_goal__builder.hpp
[0.558s] -- Up-to-date: /home/alex/ros_testing/ros_ex_ws/install/custom_interfaces/include/custom_interfaces/custom_interfaces/msg
[0.558s] -- Up-to-date: /home/alex/ros_testing/ros_ex_ws/install/custom_interfaces/include/custom_interfaces/custom_interfaces/msg/rosidl_generator_cpp__visibility_control.hpp
[0.558s] -- Up-to-date: /home/alex/ros_testing/ros_ex_ws/install/custom_interfaces/include/custom_interfaces/custom_interfaces
[0.559s] -- Up-to-date: /home/alex/ros_testing/ros_ex_ws/install/custom_interfaces/include/custom_interfaces/custom_interfaces/action
[0.559s] -- Up-to-date: /home/alex/ros_testing/ros_ex_ws/install/custom_interfaces/include/custom_interfaces/custom_interfaces/action/detail
[0.559s] -- Up-to-date: /home/alex/ros_testing/ros_ex_ws/install/custom_interfaces/include/custom_interfaces/custom_interfaces/action/detail/dds_fastrtps
[0.559s] -- Up-to-date: /home/alex/ros_testing/ros_ex_ws/install/custom_interfaces/include/custom_interfaces/custom_interfaces/action/detail/robot_goal__rosidl_typesupport_fastrtps_cpp.hpp
[0.559s] -- Up-to-date: /home/alex/ros_testing/ros_ex_ws/install/custom_interfaces/include/custom_interfaces/custom_interfaces/msg
[0.559s] -- Up-to-date: /home/alex/ros_testing/ros_ex_ws/install/custom_interfaces/include/custom_interfaces/custom_interfaces/msg/rosidl_typesupport_fastrtps_cpp__visibility_control.h
[0.559s] -- Up-to-date: /home/alex/ros_testing/ros_ex_ws/install/custom_interfaces/lib/libcustom_interfaces__rosidl_typesupport_fastrtps_cpp.so
[0.559s] -- Up-to-date: /home/alex/ros_testing/ros_ex_ws/install/custom_interfaces/include/custom_interfaces/custom_interfaces
[0.559s] -- Up-to-date: /home/alex/ros_testing/ros_ex_ws/install/custom_interfaces/include/custom_interfaces/custom_interfaces/action
[0.559s] -- Up-to-date: /home/alex/ros_testing/ros_ex_ws/install/custom_interfaces/include/custom_interfaces/custom_interfaces/action/detail
[0.559s] -- Up-to-date: /home/alex/ros_testing/ros_ex_ws/install/custom_interfaces/include/custom_interfaces/custom_interfaces/action/detail/robot_goal__rosidl_typesupport_introspection_cpp.hpp
[0.560s] -- Up-to-date: /home/alex/ros_testing/ros_ex_ws/install/custom_interfaces/include/custom_interfaces/custom_interfaces/action/detail/robot_goal__type_support.cpp
[0.560s] -- Up-to-date: /home/alex/ros_testing/ros_ex_ws/install/custom_interfaces/lib/libcustom_interfaces__rosidl_typesupport_introspection_cpp.so
[0.561s] -- Up-to-date: /home/alex/ros_testing/ros_ex_ws/install/custom_interfaces/lib/libcustom_interfaces__rosidl_typesupport_cpp.so
[0.561s] -- Up-to-date: /home/alex/ros_testing/ros_ex_ws/install/custom_interfaces/share/custom_interfaces/environment/pythonpath.sh
[0.561s] -- Up-to-date: /home/alex/ros_testing/ros_ex_ws/install/custom_interfaces/share/custom_interfaces/environment/pythonpath.dsv
[0.561s] -- Up-to-date: /home/alex/ros_testing/ros_ex_ws/install/custom_interfaces/local/lib/python3.10/dist-packages/custom_interfaces-0.0.0-py3.10.egg-info
[0.561s] -- Installing: /home/alex/ros_testing/ros_ex_ws/install/custom_interfaces/local/lib/python3.10/dist-packages/custom_interfaces-0.0.0-py3.10.egg-info/SOURCES.txt
[0.561s] -- Installing: /home/alex/ros_testing/ros_ex_ws/install/custom_interfaces/local/lib/python3.10/dist-packages/custom_interfaces-0.0.0-py3.10.egg-info/top_level.txt
[0.564s] -- Installing: /home/alex/ros_testing/ros_ex_ws/install/custom_interfaces/local/lib/python3.10/dist-packages/custom_interfaces-0.0.0-py3.10.egg-info/dependency_links.txt
[0.566s] -- Installing: /home/alex/ros_testing/ros_ex_ws/install/custom_interfaces/local/lib/python3.10/dist-packages/custom_interfaces-0.0.0-py3.10.egg-info/PKG-INFO
[0.568s] -- Up-to-date: /home/alex/ros_testing/ros_ex_ws/install/custom_interfaces/local/lib/python3.10/dist-packages/custom_interfaces
[0.569s] -- Up-to-date: /home/alex/ros_testing/ros_ex_ws/install/custom_interfaces/local/lib/python3.10/dist-packages/custom_interfaces/custom_interfaces_s__rosidl_typesupport_c.cpython-310-x86_64-linux-gnu.so
[0.569s] -- Up-to-date: /home/alex/ros_testing/ros_ex_ws/install/custom_interfaces/local/lib/python3.10/dist-packages/custom_interfaces/_custom_interfaces_s.ep.rosidl_typesupport_c.c
[0.569s] -- Up-to-date: /home/alex/ros_testing/ros_ex_ws/install/custom_interfaces/local/lib/python3.10/dist-packages/custom_interfaces/_custom_interfaces_s.ep.rosidl_typesupport_fastrtps_c.c
[0.570s] -- Up-to-date: /home/alex/ros_testing/ros_ex_ws/install/custom_interfaces/local/lib/python3.10/dist-packages/custom_interfaces/action
[0.572s] -- Up-to-date: /home/alex/ros_testing/ros_ex_ws/install/custom_interfaces/local/lib/python3.10/dist-packages/custom_interfaces/action/_robot_goal_s.c
[0.572s] -- Up-to-date: /home/alex/ros_testing/ros_ex_ws/install/custom_interfaces/local/lib/python3.10/dist-packages/custom_interfaces/action/__init__.py
[0.572s] -- Up-to-date: /home/alex/ros_testing/ros_ex_ws/install/custom_interfaces/local/lib/python3.10/dist-packages/custom_interfaces/action/_robot_goal.py
[0.572s] -- Up-to-date: /home/alex/ros_testing/ros_ex_ws/install/custom_interfaces/local/lib/python3.10/dist-packages/custom_interfaces/_custom_interfaces_s.ep.rosidl_typesupport_introspection_c.c
[0.573s] -- Up-to-date: /home/alex/ros_testing/ros_ex_ws/install/custom_interfaces/local/lib/python3.10/dist-packages/custom_interfaces/custom_interfaces_s__rosidl_typesupport_introspection_c.cpython-310-x86_64-linux-gnu.so
[0.573s] -- Up-to-date: /home/alex/ros_testing/ros_ex_ws/install/custom_interfaces/local/lib/python3.10/dist-packages/custom_interfaces/__init__.py
[0.573s] -- Up-to-date: /home/alex/ros_testing/ros_ex_ws/install/custom_interfaces/local/lib/python3.10/dist-packages/custom_interfaces/libcustom_interfaces__rosidl_generator_py.so
[0.573s] -- Up-to-date: /home/alex/ros_testing/ros_ex_ws/install/custom_interfaces/local/lib/python3.10/dist-packages/custom_interfaces/custom_interfaces_s__rosidl_typesupport_fastrtps_c.cpython-310-x86_64-linux-gnu.so
[0.622s] Listing '/home/alex/ros_testing/ros_ex_ws/install/custom_interfaces/local/lib/python3.10/dist-packages/custom_interfaces'...
[0.622s] Listing '/home/alex/ros_testing/ros_ex_ws/install/custom_interfaces/local/lib/python3.10/dist-packages/custom_interfaces/action'...
[0.627s] -- Up-to-date: /home/alex/ros_testing/ros_ex_ws/install/custom_interfaces/local/lib/python3.10/dist-packages/custom_interfaces/custom_interfaces_s__rosidl_typesupport_fastrtps_c.cpython-310-x86_64-linux-gnu.so
[0.628s] -- Up-to-date: /home/alex/ros_testing/ros_ex_ws/install/custom_interfaces/local/lib/python3.10/dist-packages/custom_interfaces/custom_interfaces_s__rosidl_typesupport_introspection_c.cpython-310-x86_64-linux-gnu.so
[0.628s] -- Up-to-date: /home/alex/ros_testing/ros_ex_ws/install/custom_interfaces/local/lib/python3.10/dist-packages/custom_interfaces/custom_interfaces_s__rosidl_typesupport_c.cpython-310-x86_64-linux-gnu.so
[0.628s] -- Up-to-date: /home/alex/ros_testing/ros_ex_ws/install/custom_interfaces/lib/libcustom_interfaces__rosidl_generator_py.so
[0.628s] -- Up-to-date: /home/alex/ros_testing/ros_ex_ws/install/custom_interfaces/share/custom_interfaces/action/RobotGoal.idl
[0.629s] -- Up-to-date: /home/alex/ros_testing/ros_ex_ws/install/custom_interfaces/share/custom_interfaces/action/RobotGoal.action
[0.630s] -- Up-to-date: /home/alex/ros_testing/ros_ex_ws/install/custom_interfaces/share/ament_index/resource_index/package_run_dependencies/custom_interfaces
[0.630s] -- Up-to-date: /home/alex/ros_testing/ros_ex_ws/install/custom_interfaces/share/ament_index/resource_index/parent_prefix_path/custom_interfaces
[0.630s] -- Up-to-date: /home/alex/ros_testing/ros_ex_ws/install/custom_interfaces/share/custom_interfaces/environment/ament_prefix_path.sh
[0.631s] -- Up-to-date: /home/alex/ros_testing/ros_ex_ws/install/custom_interfaces/share/custom_interfaces/environment/ament_prefix_path.dsv
[0.631s] -- Up-to-date: /home/alex/ros_testing/ros_ex_ws/install/custom_interfaces/share/custom_interfaces/environment/path.sh
[0.631s] -- Up-to-date: /home/alex/ros_testing/ros_ex_ws/install/custom_interfaces/share/custom_interfaces/environment/path.dsv
[0.631s] -- Up-to-date: /home/alex/ros_testing/ros_ex_ws/install/custom_interfaces/share/custom_interfaces/local_setup.bash
[0.631s] -- Up-to-date: /home/alex/ros_testing/ros_ex_ws/install/custom_interfaces/share/custom_interfaces/local_setup.sh
[0.631s] -- Up-to-date: /home/alex/ros_testing/ros_ex_ws/install/custom_interfaces/share/custom_interfaces/local_setup.zsh
[0.631s] -- Up-to-date: /home/alex/ros_testing/ros_ex_ws/install/custom_interfaces/share/custom_interfaces/local_setup.dsv
[0.631s] -- Installing: /home/alex/ros_testing/ros_ex_ws/install/custom_interfaces/share/custom_interfaces/package.dsv
[0.631s] -- Up-to-date: /home/alex/ros_testing/ros_ex_ws/install/custom_interfaces/share/ament_index/resource_index/packages/custom_interfaces
[0.632s] -- Up-to-date: /home/alex/ros_testing/ros_ex_ws/install/custom_interfaces/share/custom_interfaces/cmake/export_custom_interfaces__rosidl_generator_cExport.cmake
[0.632s] -- Up-to-date: /home/alex/ros_testing/ros_ex_ws/install/custom_interfaces/share/custom_interfaces/cmake/export_custom_interfaces__rosidl_generator_cExport-noconfig.cmake
[0.632s] -- Up-to-date: /home/alex/ros_testing/ros_ex_ws/install/custom_interfaces/share/custom_interfaces/cmake/export_custom_interfaces__rosidl_typesupport_fastrtps_cExport.cmake
[0.632s] -- Up-to-date: /home/alex/ros_testing/ros_ex_ws/install/custom_interfaces/share/custom_interfaces/cmake/export_custom_interfaces__rosidl_typesupport_fastrtps_cExport-noconfig.cmake
[0.632s] -- Up-to-date: /home/alex/ros_testing/ros_ex_ws/install/custom_interfaces/share/custom_interfaces/cmake/custom_interfaces__rosidl_typesupport_introspection_cExport.cmake
[0.632s] -- Up-to-date: /home/alex/ros_testing/ros_ex_ws/install/custom_interfaces/share/custom_interfaces/cmake/custom_interfaces__rosidl_typesupport_introspection_cExport-noconfig.cmake
[0.634s] -- Up-to-date: /home/alex/ros_testing/ros_ex_ws/install/custom_interfaces/share/custom_interfaces/cmake/custom_interfaces__rosidl_typesupport_cExport.cmake
[0.634s] -- Up-to-date: /home/alex/ros_testing/ros_ex_ws/install/custom_interfaces/share/custom_interfaces/cmake/custom_interfaces__rosidl_typesupport_cExport-noconfig.cmake
[0.634s] -- Up-to-date: /home/alex/ros_testing/ros_ex_ws/install/custom_interfaces/share/custom_interfaces/cmake/export_custom_interfaces__rosidl_generator_cppExport.cmake
[0.635s] -- Up-to-date: /home/alex/ros_testing/ros_ex_ws/install/custom_interfaces/share/custom_interfaces/cmake/export_custom_interfaces__rosidl_typesupport_fastrtps_cppExport.cmake
[0.635s] -- Up-to-date: /home/alex/ros_testing/ros_ex_ws/install/custom_interfaces/share/custom_interfaces/cmake/export_custom_interfaces__rosidl_typesupport_fastrtps_cppExport-noconfig.cmake
[0.635s] -- Up-to-date: /home/alex/ros_testing/ros_ex_ws/install/custom_interfaces/share/custom_interfaces/cmake/custom_interfaces__rosidl_typesupport_introspection_cppExport.cmake
[0.635s] -- Up-to-date: /home/alex/ros_testing/ros_ex_ws/install/custom_interfaces/share/custom_interfaces/cmake/custom_interfaces__rosidl_typesupport_introspection_cppExport-noconfig.cmake
[0.635s] -- Up-to-date: /home/alex/ros_testing/ros_ex_ws/install/custom_interfaces/share/custom_interfaces/cmake/custom_interfaces__rosidl_typesupport_cppExport.cmake
[0.635s] -- Up-to-date: /home/alex/ros_testing/ros_ex_ws/install/custom_interfaces/share/custom_interfaces/cmake/custom_interfaces__rosidl_typesupport_cppExport-noconfig.cmake
[0.635s] -- Up-to-date: /home/alex/ros_testing/ros_ex_ws/install/custom_interfaces/share/custom_interfaces/cmake/export_custom_interfaces__rosidl_generator_pyExport.cmake
[0.635s] -- Up-to-date: /home/alex/ros_testing/ros_ex_ws/install/custom_interfaces/share/custom_interfaces/cmake/export_custom_interfaces__rosidl_generator_pyExport-noconfig.cmake
[0.635s] -- Up-to-date: /home/alex/ros_testing/ros_ex_ws/install/custom_interfaces/share/custom_interfaces/cmake/rosidl_cmake-extras.cmake
[0.635s] -- Up-to-date: /home/alex/ros_testing/ros_ex_ws/install/custom_interfaces/share/custom_interfaces/cmake/ament_cmake_export_dependencies-extras.cmake
[0.635s] -- Up-to-date: /home/alex/ros_testing/ros_ex_ws/install/custom_interfaces/share/custom_interfaces/cmake/ament_cmake_export_include_directories-extras.cmake
[0.635s] -- Up-to-date: /home/alex/ros_testing/ros_ex_ws/install/custom_interfaces/share/custom_interfaces/cmake/ament_cmake_export_libraries-extras.cmake
[0.635s] -- Up-to-date: /home/alex/ros_testing/ros_ex_ws/install/custom_interfaces/share/custom_interfaces/cmake/ament_cmake_export_targets-extras.cmake
[0.635s] -- Up-to-date: /home/alex/ros_testing/ros_ex_ws/install/custom_interfaces/share/custom_interfaces/cmake/rosidl_cmake_export_typesupport_targets-extras.cmake
[0.635s] -- Up-to-date: /home/alex/ros_testing/ros_ex_ws/install/custom_interfaces/share/custom_interfaces/cmake/rosidl_cmake_export_typesupport_libraries-extras.cmake
[0.635s] -- Up-to-date: /home/alex/ros_testing/ros_ex_ws/install/custom_interfaces/share/custom_interfaces/cmake/custom_interfacesConfig.cmake
[0.637s] -- Up-to-date: /home/alex/ros_testing/ros_ex_ws/install/custom_interfaces/share/custom_interfaces/cmake/custom_interfacesConfig-version.cmake
[0.638s] -- Up-to-date: /home/alex/ros_testing/ros_ex_ws/install/custom_interfaces/share/custom_interfaces/package.xml
[0.638s] Invoked command in '/home/alex/ros_testing/ros_ex_ws/build/custom_interfaces' returned '0': CMAKE_PREFIX_PATH=/opt/ros/humble /usr/bin/cmake --install /home/alex/ros_testing/ros_ex_ws/build/custom_interfaces
