[0.078s] DEBUG:colcon:Command line arguments: ['/usr/bin/colcon', 'build']
[0.079s] DEBUG:colcon:Parsed command line arguments: Namespace(log_base=None, log_level=None, verb_name='build', build_base='build', install_base='install', merge_install=False, symlink_install=False, test_result_base=None, continue_on_error=False, executor='parallel', parallel_workers=2, event_handlers=None, ignore_user_meta=False, metas=['./colcon.meta'], base_paths=['.'], packages_ignore=None, packages_ignore_regex=None, paths=None, packages_up_to=None, packages_up_to_regex=None, packages_above=None, packages_above_and_dependencies=None, packages_above_depth=None, packages_select_by_dep=None, packages_skip_by_dep=None, packages_skip_up_to=None, packages_select_build_failed=False, packages_skip_build_finished=False, packages_select_test_failures=False, packages_skip_test_passed=False, packages_select=None, packages_skip=None, packages_select_regex=None, packages_skip_regex=None, packages_start=None, packages_end=None, allow_overriding=[], cmake_args=None, cmake_target=None, cmake_target_skip_unavailable=False, cmake_clean_cache=False, cmake_clean_first=False, cmake_force_configure=False, ament_cmake_args=None, catkin_cmake_args=None, catkin_skip_building_tests=False, mixin_files=None, mixin=None, verb_parser=<colcon_mixin.mixin.mixin_argument.MixinArgumentDecorator object at 0x7f3da2751330>, verb_extension=<colcon_core.verb.build.BuildVerb object at 0x7f3da2750d60>, main=<bound method BuildVerb.main of <colcon_core.verb.build.BuildVerb object at 0x7f3da2750d60>>, mixin_verb=('build',))
[0.198s] Level 1:colcon.colcon_core.package_discovery:discover_packages(colcon_meta) check parameters
[0.198s] Level 1:colcon.colcon_core.package_discovery:discover_packages(recursive) check parameters
[0.198s] Level 1:colcon.colcon_core.package_discovery:discover_packages(ignore) check parameters
[0.198s] Level 1:colcon.colcon_core.package_discovery:discover_packages(path) check parameters
[0.198s] Level 1:colcon.colcon_core.package_discovery:discover_packages(colcon_meta) discover
[0.198s] Level 1:colcon.colcon_core.package_discovery:discover_packages(recursive) discover
[0.198s] INFO:colcon.colcon_core.package_discovery:Crawling recursively for packages in '/home/alex/ros_testing/ros_ex_ws'
[0.198s] Level 1:colcon.colcon_core.package_identification:_identify(.) by extensions ['ignore', 'ignore_ament_install']
[0.198s] Level 1:colcon.colcon_core.package_identification:_identify(.) by extension 'ignore'
[0.198s] Level 1:colcon.colcon_core.package_identification:_identify(.) by extension 'ignore_ament_install'
[0.198s] Level 1:colcon.colcon_core.package_identification:_identify(.) by extensions ['colcon_pkg']
[0.198s] Level 1:colcon.colcon_core.package_identification:_identify(.) by extension 'colcon_pkg'
[0.198s] Level 1:colcon.colcon_core.package_identification:_identify(.) by extensions ['colcon_meta']
[0.198s] Level 1:colcon.colcon_core.package_identification:_identify(.) by extension 'colcon_meta'
[0.198s] Level 1:colcon.colcon_core.package_identification:_identify(.) by extensions ['ros']
[0.198s] Level 1:colcon.colcon_core.package_identification:_identify(.) by extension 'ros'
[0.206s] Level 1:colcon.colcon_core.package_identification:_identify(.) by extensions ['cmake', 'python']
[0.206s] Level 1:colcon.colcon_core.package_identification:_identify(.) by extension 'cmake'
[0.206s] Level 1:colcon.colcon_core.package_identification:_identify(.) by extension 'python'
[0.206s] Level 1:colcon.colcon_core.package_identification:_identify(.) by extensions ['python_setup_py']
[0.206s] Level 1:colcon.colcon_core.package_identification:_identify(.) by extension 'python_setup_py'
[0.206s] Level 1:colcon.colcon_core.package_identification:_identify(build) by extensions ['ignore', 'ignore_ament_install']
[0.206s] Level 1:colcon.colcon_core.package_identification:_identify(build) by extension 'ignore'
[0.206s] Level 1:colcon.colcon_core.package_identification:_identify(build) ignored
[0.206s] Level 1:colcon.colcon_core.package_identification:_identify(install) by extensions ['ignore', 'ignore_ament_install']
[0.207s] Level 1:colcon.colcon_core.package_identification:_identify(install) by extension 'ignore'
[0.207s] Level 1:colcon.colcon_core.package_identification:_identify(install) ignored
[0.207s] Level 1:colcon.colcon_core.package_identification:_identify(log) by extensions ['ignore', 'ignore_ament_install']
[0.207s] Level 1:colcon.colcon_core.package_identification:_identify(log) by extension 'ignore'
[0.207s] Level 1:colcon.colcon_core.package_identification:_identify(log) ignored
[0.207s] Level 1:colcon.colcon_core.package_identification:_identify(src) by extensions ['ignore', 'ignore_ament_install']
[0.207s] Level 1:colcon.colcon_core.package_identification:_identify(src) by extension 'ignore'
[0.207s] Level 1:colcon.colcon_core.package_identification:_identify(src) by extension 'ignore_ament_install'
[0.207s] Level 1:colcon.colcon_core.package_identification:_identify(src) by extensions ['colcon_pkg']
[0.207s] Level 1:colcon.colcon_core.package_identification:_identify(src) by extension 'colcon_pkg'
[0.207s] Level 1:colcon.colcon_core.package_identification:_identify(src) by extensions ['colcon_meta']
[0.207s] Level 1:colcon.colcon_core.package_identification:_identify(src) by extension 'colcon_meta'
[0.207s] Level 1:colcon.colcon_core.package_identification:_identify(src) by extensions ['ros']
[0.207s] Level 1:colcon.colcon_core.package_identification:_identify(src) by extension 'ros'
[0.207s] Level 1:colcon.colcon_core.package_identification:_identify(src) by extensions ['cmake', 'python']
[0.207s] Level 1:colcon.colcon_core.package_identification:_identify(src) by extension 'cmake'
[0.207s] Level 1:colcon.colcon_core.package_identification:_identify(src) by extension 'python'
[0.207s] Level 1:colcon.colcon_core.package_identification:_identify(src) by extensions ['python_setup_py']
[0.207s] Level 1:colcon.colcon_core.package_identification:_identify(src) by extension 'python_setup_py'
[0.208s] Level 1:colcon.colcon_core.package_identification:_identify(src/custom_interfaces) by extensions ['ignore', 'ignore_ament_install']
[0.208s] Level 1:colcon.colcon_core.package_identification:_identify(src/custom_interfaces) by extension 'ignore'
[0.208s] Level 1:colcon.colcon_core.package_identification:_identify(src/custom_interfaces) by extension 'ignore_ament_install'
[0.208s] Level 1:colcon.colcon_core.package_identification:_identify(src/custom_interfaces) by extensions ['colcon_pkg']
[0.208s] Level 1:colcon.colcon_core.package_identification:_identify(src/custom_interfaces) by extension 'colcon_pkg'
[0.208s] Level 1:colcon.colcon_core.package_identification:_identify(src/custom_interfaces) by extensions ['colcon_meta']
[0.208s] Level 1:colcon.colcon_core.package_identification:_identify(src/custom_interfaces) by extension 'colcon_meta'
[0.208s] Level 1:colcon.colcon_core.package_identification:_identify(src/custom_interfaces) by extensions ['ros']
[0.208s] Level 1:colcon.colcon_core.package_identification:_identify(src/custom_interfaces) by extension 'ros'
[0.209s] DEBUG:colcon.colcon_core.package_identification:Package 'src/custom_interfaces' with type 'ros.ament_cmake' and name 'custom_interfaces'
[0.210s] Level 1:colcon.colcon_core.package_identification:_identify(src/turtlebot_nodes) by extensions ['ignore', 'ignore_ament_install']
[0.210s] Level 1:colcon.colcon_core.package_identification:_identify(src/turtlebot_nodes) by extension 'ignore'
[0.210s] Level 1:colcon.colcon_core.package_identification:_identify(src/turtlebot_nodes) by extension 'ignore_ament_install'
[0.210s] Level 1:colcon.colcon_core.package_identification:_identify(src/turtlebot_nodes) by extensions ['colcon_pkg']
[0.210s] Level 1:colcon.colcon_core.package_identification:_identify(src/turtlebot_nodes) by extension 'colcon_pkg'
[0.210s] Level 1:colcon.colcon_core.package_identification:_identify(src/turtlebot_nodes) by extensions ['colcon_meta']
[0.210s] Level 1:colcon.colcon_core.package_identification:_identify(src/turtlebot_nodes) by extension 'colcon_meta'
[0.210s] Level 1:colcon.colcon_core.package_identification:_identify(src/turtlebot_nodes) by extensions ['ros']
[0.210s] Level 1:colcon.colcon_core.package_identification:_identify(src/turtlebot_nodes) by extension 'ros'
[0.211s] DEBUG:colcon.colcon_core.package_identification:Package 'src/turtlebot_nodes' with type 'ros.ament_python' and name 'turtlebot_nodes'
[0.211s] Level 1:colcon.colcon_core.package_discovery:discover_packages(recursive) using defaults
[0.211s] Level 1:colcon.colcon_core.package_discovery:discover_packages(ignore) discover
[0.211s] Level 1:colcon.colcon_core.package_discovery:discover_packages(ignore) using defaults
[0.211s] Level 1:colcon.colcon_core.package_discovery:discover_packages(path) discover
[0.211s] Level 1:colcon.colcon_core.package_discovery:discover_packages(path) using defaults
[0.231s] Level 1:colcon.colcon_core.package_discovery:discover_packages(prefix_path) check parameters
[0.231s] Level 1:colcon.colcon_core.package_discovery:discover_packages(prefix_path) discover
[0.233s] DEBUG:colcon.colcon_installed_package_information.package_discovery:Found 326 installed packages in /opt/ros/humble
[0.234s] Level 1:colcon.colcon_core.package_discovery:discover_packages(prefix_path) using defaults
[0.264s] Level 5:colcon.colcon_core.verb:set package 'custom_interfaces' build argument 'cmake_args' from command line to 'None'
[0.264s] Level 5:colcon.colcon_core.verb:set package 'custom_interfaces' build argument 'cmake_target' from command line to 'None'
[0.264s] Level 5:colcon.colcon_core.verb:set package 'custom_interfaces' build argument 'cmake_target_skip_unavailable' from command line to 'False'
[0.264s] Level 5:colcon.colcon_core.verb:set package 'custom_interfaces' build argument 'cmake_clean_cache' from command line to 'False'
[0.264s] Level 5:colcon.colcon_core.verb:set package 'custom_interfaces' build argument 'cmake_clean_first' from command line to 'False'
[0.264s] Level 5:colcon.colcon_core.verb:set package 'custom_interfaces' build argument 'cmake_force_configure' from command line to 'False'
[0.264s] Level 5:colcon.colcon_core.verb:set package 'custom_interfaces' build argument 'ament_cmake_args' from command line to 'None'
[0.264s] Level 5:colcon.colcon_core.verb:set package 'custom_interfaces' build argument 'catkin_cmake_args' from command line to 'None'
[0.264s] Level 5:colcon.colcon_core.verb:set package 'custom_interfaces' build argument 'catkin_skip_building_tests' from command line to 'False'
[0.264s] DEBUG:colcon.colcon_core.verb:Building package 'custom_interfaces' with the following arguments: {'ament_cmake_args': None, 'build_base': '/home/alex/ros_testing/ros_ex_ws/build/custom_interfaces', 'catkin_cmake_args': None, 'catkin_skip_building_tests': False, 'cmake_args': None, 'cmake_clean_cache': False, 'cmake_clean_first': False, 'cmake_force_configure': False, 'cmake_target': None, 'cmake_target_skip_unavailable': False, 'install_base': '/home/alex/ros_testing/ros_ex_ws/install/custom_interfaces', 'merge_install': False, 'path': '/home/alex/ros_testing/ros_ex_ws/src/custom_interfaces', 'symlink_install': False, 'test_result_base': None}
[0.264s] Level 5:colcon.colcon_core.verb:set package 'turtlebot_nodes' build argument 'cmake_args' from command line to 'None'
[0.264s] Level 5:colcon.colcon_core.verb:set package 'turtlebot_nodes' build argument 'cmake_target' from command line to 'None'
[0.264s] Level 5:colcon.colcon_core.verb:set package 'turtlebot_nodes' build argument 'cmake_target_skip_unavailable' from command line to 'False'
[0.264s] Level 5:colcon.colcon_core.verb:set package 'turtlebot_nodes' build argument 'cmake_clean_cache' from command line to 'False'
[0.264s] Level 5:colcon.colcon_core.verb:set package 'turtlebot_nodes' build argument 'cmake_clean_first' from command line to 'False'
[0.264s] Level 5:colcon.colcon_core.verb:set package 'turtlebot_nodes' build argument 'cmake_force_configure' from command line to 'False'
[0.265s] Level 5:colcon.colcon_core.verb:set package 'turtlebot_nodes' build argument 'ament_cmake_args' from command line to 'None'
[0.265s] Level 5:colcon.colcon_core.verb:set package 'turtlebot_nodes' build argument 'catkin_cmake_args' from command line to 'None'
[0.265s] Level 5:colcon.colcon_core.verb:set package 'turtlebot_nodes' build argument 'catkin_skip_building_tests' from command line to 'False'
[0.265s] DEBUG:colcon.colcon_core.verb:Building package 'turtlebot_nodes' with the following arguments: {'ament_cmake_args': None, 'build_base': '/home/alex/ros_testing/ros_ex_ws/build/turtlebot_nodes', 'catkin_cmake_args': None, 'catkin_skip_building_tests': False, 'cmake_args': None, 'cmake_clean_cache': False, 'cmake_clean_first': False, 'cmake_force_configure': False, 'cmake_target': None, 'cmake_target_skip_unavailable': False, 'install_base': '/home/alex/ros_testing/ros_ex_ws/install/turtlebot_nodes', 'merge_install': False, 'path': '/home/alex/ros_testing/ros_ex_ws/src/turtlebot_nodes', 'symlink_install': False, 'test_result_base': None}
[0.265s] INFO:colcon.colcon_core.executor:Executing jobs using 'parallel' executor
[0.265s] DEBUG:colcon.colcon_parallel_executor.executor.parallel:run_until_complete
[0.266s] INFO:colcon.colcon_ros.task.ament_cmake.build:Building ROS package in '/home/alex/ros_testing/ros_ex_ws/src/custom_interfaces' with build type 'ament_cmake'
[0.266s] INFO:colcon.colcon_cmake.task.cmake.build:Building CMake package in '/home/alex/ros_testing/ros_ex_ws/src/custom_interfaces'
[0.267s] INFO:colcon.colcon_core.plugin_system:Skipping extension 'colcon_core.shell.bat': Not used on non-Windows systems
[0.267s] INFO:colcon.colcon_core.shell:Skip shell extension 'powershell' for command environment: Not usable outside of PowerShell
[0.267s] DEBUG:colcon.colcon_core.shell:Skip shell extension 'dsv' for command environment
[0.270s] INFO:colcon.colcon_ros.task.ament_python.build:Building ROS package in '/home/alex/ros_testing/ros_ex_ws/src/turtlebot_nodes' with build type 'ament_python'
[0.270s] Level 1:colcon.colcon_core.shell:create_environment_hook('turtlebot_nodes', 'ament_prefix_path')
[0.270s] INFO:colcon.colcon_core.shell:Creating environment hook '/home/alex/ros_testing/ros_ex_ws/install/turtlebot_nodes/share/turtlebot_nodes/hook/ament_prefix_path.ps1'
[0.271s] INFO:colcon.colcon_core.shell:Creating environment descriptor '/home/alex/ros_testing/ros_ex_ws/install/turtlebot_nodes/share/turtlebot_nodes/hook/ament_prefix_path.dsv'
[0.271s] INFO:colcon.colcon_core.shell:Creating environment hook '/home/alex/ros_testing/ros_ex_ws/install/turtlebot_nodes/share/turtlebot_nodes/hook/ament_prefix_path.sh'
[0.272s] INFO:colcon.colcon_core.shell:Skip shell extension 'powershell' for command environment: Not usable outside of PowerShell
[0.272s] DEBUG:colcon.colcon_core.shell:Skip shell extension 'dsv' for command environment
[0.277s] DEBUG:colcon.colcon_core.event_handler.log_command:Invoking command in '/home/alex/ros_testing/ros_ex_ws/build/custom_interfaces': CMAKE_PREFIX_PATH=/opt/ros/humble /usr/bin/cmake --build /home/alex/ros_testing/ros_ex_ws/build/custom_interfaces -- -j2 -l2
[0.619s] INFO:colcon.colcon_core.task.python.build:Building Python package in '/home/alex/ros_testing/ros_ex_ws/src/turtlebot_nodes'
[0.620s] INFO:colcon.colcon_core.shell:Skip shell extension 'powershell' for command environment: Not usable outside of PowerShell
[0.620s] DEBUG:colcon.colcon_core.shell:Skip shell extension 'dsv' for command environment
[1.015s] DEBUG:colcon.colcon_core.event_handler.log_command:Invoking command in '/home/alex/ros_testing/ros_ex_ws/src/turtlebot_nodes': PYTHONPATH=/home/alex/ros_testing/ros_ex_ws/build/turtlebot_nodes/prefix_override:/usr/lib/python3/dist-packages/colcon_core/task/python/colcon_distutils_commands:/home/alex/ros_testing/ros_ex_ws/install/turtlebot_nodes/lib/python3.10/site-packages:${PYTHONPATH} /usr/bin/python3 -W ignore:setup.py install is deprecated -W ignore:easy_install command is deprecated setup.py egg_info --egg-base ../../build/turtlebot_nodes build --build-base /home/alex/ros_testing/ros_ex_ws/build/turtlebot_nodes/build install --record /home/alex/ros_testing/ros_ex_ws/build/turtlebot_nodes/install.log --single-version-externally-managed install_data
[1.375s] DEBUG:colcon.colcon_core.event_handler.log_command:Invoked command in '/home/alex/ros_testing/ros_ex_ws/src/turtlebot_nodes' returned '0': PYTHONPATH=/home/alex/ros_testing/ros_ex_ws/build/turtlebot_nodes/prefix_override:/usr/lib/python3/dist-packages/colcon_core/task/python/colcon_distutils_commands:/home/alex/ros_testing/ros_ex_ws/install/turtlebot_nodes/lib/python3.10/site-packages:${PYTHONPATH} /usr/bin/python3 -W ignore:setup.py install is deprecated -W ignore:easy_install command is deprecated setup.py egg_info --egg-base ../../build/turtlebot_nodes build --build-base /home/alex/ros_testing/ros_ex_ws/build/turtlebot_nodes/build install --record /home/alex/ros_testing/ros_ex_ws/build/turtlebot_nodes/install.log --single-version-externally-managed install_data
[1.377s] Level 1:colcon.colcon_core.environment:checking '/home/alex/ros_testing/ros_ex_ws/install/turtlebot_nodes' for CMake module files
[1.377s] Level 1:colcon.colcon_core.environment:checking '/home/alex/ros_testing/ros_ex_ws/install/turtlebot_nodes' for CMake config files
[1.378s] Level 1:colcon.colcon_core.environment:checking '/home/alex/ros_testing/ros_ex_ws/install/turtlebot_nodes/lib'
[1.378s] Level 1:colcon.colcon_core.environment:checking '/home/alex/ros_testing/ros_ex_ws/install/turtlebot_nodes/bin'
[1.378s] Level 1:colcon.colcon_core.environment:checking '/home/alex/ros_testing/ros_ex_ws/install/turtlebot_nodes/lib/pkgconfig/turtlebot_nodes.pc'
[1.379s] Level 1:colcon.colcon_core.environment:checking '/home/alex/ros_testing/ros_ex_ws/install/turtlebot_nodes/lib/python3.10/site-packages'
[1.379s] Level 1:colcon.colcon_core.shell:create_environment_hook('turtlebot_nodes', 'pythonpath')
[1.379s] INFO:colcon.colcon_core.shell:Creating environment hook '/home/alex/ros_testing/ros_ex_ws/install/turtlebot_nodes/share/turtlebot_nodes/hook/pythonpath.ps1'
[1.380s] INFO:colcon.colcon_core.shell:Creating environment descriptor '/home/alex/ros_testing/ros_ex_ws/install/turtlebot_nodes/share/turtlebot_nodes/hook/pythonpath.dsv'
[1.381s] INFO:colcon.colcon_core.shell:Creating environment hook '/home/alex/ros_testing/ros_ex_ws/install/turtlebot_nodes/share/turtlebot_nodes/hook/pythonpath.sh'
[1.382s] Level 1:colcon.colcon_core.environment:checking '/home/alex/ros_testing/ros_ex_ws/install/turtlebot_nodes/bin'
[1.382s] Level 1:colcon.colcon_core.environment:create_environment_scripts_only(turtlebot_nodes)
[1.382s] INFO:colcon.colcon_core.shell:Creating package script '/home/alex/ros_testing/ros_ex_ws/install/turtlebot_nodes/share/turtlebot_nodes/package.ps1'
[1.383s] INFO:colcon.colcon_core.shell:Creating package descriptor '/home/alex/ros_testing/ros_ex_ws/install/turtlebot_nodes/share/turtlebot_nodes/package.dsv'
[1.384s] INFO:colcon.colcon_core.shell:Creating package script '/home/alex/ros_testing/ros_ex_ws/install/turtlebot_nodes/share/turtlebot_nodes/package.sh'
[1.385s] INFO:colcon.colcon_core.shell:Creating package script '/home/alex/ros_testing/ros_ex_ws/install/turtlebot_nodes/share/turtlebot_nodes/package.bash'
[1.386s] INFO:colcon.colcon_core.shell:Creating package script '/home/alex/ros_testing/ros_ex_ws/install/turtlebot_nodes/share/turtlebot_nodes/package.zsh'
[1.387s] Level 1:colcon.colcon_core.environment:create_file_with_runtime_dependencies(/home/alex/ros_testing/ros_ex_ws/install/turtlebot_nodes/share/colcon-core/packages/turtlebot_nodes)
[6.590s] DEBUG:colcon.colcon_core.event_handler.log_command:Invoked command in '/home/alex/ros_testing/ros_ex_ws/build/custom_interfaces' returned '0': CMAKE_PREFIX_PATH=/opt/ros/humble /usr/bin/cmake --build /home/alex/ros_testing/ros_ex_ws/build/custom_interfaces -- -j2 -l2
[6.597s] DEBUG:colcon.colcon_core.event_handler.log_command:Invoking command in '/home/alex/ros_testing/ros_ex_ws/build/custom_interfaces': CMAKE_PREFIX_PATH=/opt/ros/humble /usr/bin/cmake --install /home/alex/ros_testing/ros_ex_ws/build/custom_interfaces
[6.676s] Level 1:colcon.colcon_core.environment:create_environment_scripts_only(custom_interfaces)
[6.677s] Level 1:colcon.colcon_core.environment:checking '/home/alex/ros_testing/ros_ex_ws/install/custom_interfaces' for CMake module files
[6.677s] Level 1:colcon.colcon_core.environment:checking '/home/alex/ros_testing/ros_ex_ws/install/custom_interfaces' for CMake config files
[6.678s] DEBUG:colcon.colcon_core.event_handler.log_command:Invoked command in '/home/alex/ros_testing/ros_ex_ws/build/custom_interfaces' returned '0': CMAKE_PREFIX_PATH=/opt/ros/humble /usr/bin/cmake --install /home/alex/ros_testing/ros_ex_ws/build/custom_interfaces
[6.678s] Level 1:colcon.colcon_core.shell:create_environment_hook('custom_interfaces', 'cmake_prefix_path')
[6.678s] INFO:colcon.colcon_core.shell:Creating environment hook '/home/alex/ros_testing/ros_ex_ws/install/custom_interfaces/share/custom_interfaces/hook/cmake_prefix_path.ps1'
[6.679s] INFO:colcon.colcon_core.shell:Creating environment descriptor '/home/alex/ros_testing/ros_ex_ws/install/custom_interfaces/share/custom_interfaces/hook/cmake_prefix_path.dsv'
[6.679s] INFO:colcon.colcon_core.shell:Creating environment hook '/home/alex/ros_testing/ros_ex_ws/install/custom_interfaces/share/custom_interfaces/hook/cmake_prefix_path.sh'
[6.680s] Level 1:colcon.colcon_core.environment:checking '/home/alex/ros_testing/ros_ex_ws/install/custom_interfaces/lib'
[6.680s] Level 1:colcon.colcon_core.shell:create_environment_hook('custom_interfaces', 'ld_library_path_lib')
[6.680s] INFO:colcon.colcon_core.shell:Creating environment hook '/home/alex/ros_testing/ros_ex_ws/install/custom_interfaces/share/custom_interfaces/hook/ld_library_path_lib.ps1'
[6.680s] INFO:colcon.colcon_core.shell:Creating environment descriptor '/home/alex/ros_testing/ros_ex_ws/install/custom_interfaces/share/custom_interfaces/hook/ld_library_path_lib.dsv'
[6.680s] INFO:colcon.colcon_core.shell:Creating environment hook '/home/alex/ros_testing/ros_ex_ws/install/custom_interfaces/share/custom_interfaces/hook/ld_library_path_lib.sh'
[6.681s] Level 1:colcon.colcon_core.environment:checking '/home/alex/ros_testing/ros_ex_ws/install/custom_interfaces/bin'
[6.681s] Level 1:colcon.colcon_core.environment:checking '/home/alex/ros_testing/ros_ex_ws/install/custom_interfaces/lib/pkgconfig/custom_interfaces.pc'
[6.681s] Level 1:colcon.colcon_core.environment:checking '/home/alex/ros_testing/ros_ex_ws/install/custom_interfaces/lib/python3.10/site-packages'
[6.681s] Level 1:colcon.colcon_core.environment:checking '/home/alex/ros_testing/ros_ex_ws/install/custom_interfaces/bin'
[6.682s] INFO:colcon.colcon_core.shell:Creating package script '/home/alex/ros_testing/ros_ex_ws/install/custom_interfaces/share/custom_interfaces/package.ps1'
[6.682s] INFO:colcon.colcon_core.shell:Creating package descriptor '/home/alex/ros_testing/ros_ex_ws/install/custom_interfaces/share/custom_interfaces/package.dsv'
[6.682s] INFO:colcon.colcon_core.shell:Creating package script '/home/alex/ros_testing/ros_ex_ws/install/custom_interfaces/share/custom_interfaces/package.sh'
[6.683s] INFO:colcon.colcon_core.shell:Creating package script '/home/alex/ros_testing/ros_ex_ws/install/custom_interfaces/share/custom_interfaces/package.bash'
[6.683s] INFO:colcon.colcon_core.shell:Creating package script '/home/alex/ros_testing/ros_ex_ws/install/custom_interfaces/share/custom_interfaces/package.zsh'
[6.683s] Level 1:colcon.colcon_core.environment:create_file_with_runtime_dependencies(/home/alex/ros_testing/ros_ex_ws/install/custom_interfaces/share/colcon-core/packages/custom_interfaces)
[6.684s] Level 1:colcon.colcon_core.environment:create_environment_scripts_only(custom_interfaces)
[6.684s] Level 1:colcon.colcon_core.environment:checking '/home/alex/ros_testing/ros_ex_ws/install/custom_interfaces' for CMake module files
[6.685s] Level 1:colcon.colcon_core.environment:checking '/home/alex/ros_testing/ros_ex_ws/install/custom_interfaces' for CMake config files
[6.685s] Level 1:colcon.colcon_core.shell:create_environment_hook('custom_interfaces', 'cmake_prefix_path')
[6.685s] INFO:colcon.colcon_core.shell:Creating environment hook '/home/alex/ros_testing/ros_ex_ws/install/custom_interfaces/share/custom_interfaces/hook/cmake_prefix_path.ps1'
[6.686s] INFO:colcon.colcon_core.shell:Creating environment descriptor '/home/alex/ros_testing/ros_ex_ws/install/custom_interfaces/share/custom_interfaces/hook/cmake_prefix_path.dsv'
[6.686s] INFO:colcon.colcon_core.shell:Creating environment hook '/home/alex/ros_testing/ros_ex_ws/install/custom_interfaces/share/custom_interfaces/hook/cmake_prefix_path.sh'
[6.686s] Level 1:colcon.colcon_core.environment:checking '/home/alex/ros_testing/ros_ex_ws/install/custom_interfaces/lib'
[6.686s] Level 1:colcon.colcon_core.shell:create_environment_hook('custom_interfaces', 'ld_library_path_lib')
[6.687s] INFO:colcon.colcon_core.shell:Creating environment hook '/home/alex/ros_testing/ros_ex_ws/install/custom_interfaces/share/custom_interfaces/hook/ld_library_path_lib.ps1'
[6.687s] INFO:colcon.colcon_core.shell:Creating environment descriptor '/home/alex/ros_testing/ros_ex_ws/install/custom_interfaces/share/custom_interfaces/hook/ld_library_path_lib.dsv'
[6.687s] INFO:colcon.colcon_core.shell:Creating environment hook '/home/alex/ros_testing/ros_ex_ws/install/custom_interfaces/share/custom_interfaces/hook/ld_library_path_lib.sh'
[6.687s] Level 1:colcon.colcon_core.environment:checking '/home/alex/ros_testing/ros_ex_ws/install/custom_interfaces/bin'
[6.687s] Level 1:colcon.colcon_core.environment:checking '/home/alex/ros_testing/ros_ex_ws/install/custom_interfaces/lib/pkgconfig/custom_interfaces.pc'
[6.688s] Level 1:colcon.colcon_core.environment:checking '/home/alex/ros_testing/ros_ex_ws/install/custom_interfaces/lib/python3.10/site-packages'
[6.688s] Level 1:colcon.colcon_core.environment:checking '/home/alex/ros_testing/ros_ex_ws/install/custom_interfaces/bin'
[6.688s] INFO:colcon.colcon_core.shell:Creating package script '/home/alex/ros_testing/ros_ex_ws/install/custom_interfaces/share/custom_interfaces/package.ps1'
[6.688s] INFO:colcon.colcon_core.shell:Creating package descriptor '/home/alex/ros_testing/ros_ex_ws/install/custom_interfaces/share/custom_interfaces/package.dsv'
[6.689s] INFO:colcon.colcon_core.shell:Creating package script '/home/alex/ros_testing/ros_ex_ws/install/custom_interfaces/share/custom_interfaces/package.sh'
[6.689s] INFO:colcon.colcon_core.shell:Creating package script '/home/alex/ros_testing/ros_ex_ws/install/custom_interfaces/share/custom_interfaces/package.bash'
[6.689s] INFO:colcon.colcon_core.shell:Creating package script '/home/alex/ros_testing/ros_ex_ws/install/custom_interfaces/share/custom_interfaces/package.zsh'
[6.690s] Level 1:colcon.colcon_core.environment:create_file_with_runtime_dependencies(/home/alex/ros_testing/ros_ex_ws/install/custom_interfaces/share/colcon-core/packages/custom_interfaces)
[6.690s] DEBUG:colcon.colcon_parallel_executor.executor.parallel:closing loop
[6.690s] DEBUG:colcon.colcon_parallel_executor.executor.parallel:loop closed
[6.690s] DEBUG:colcon.colcon_parallel_executor.executor.parallel:run_until_complete finished with '0'
[6.690s] DEBUG:colcon.colcon_core.event_reactor:joining thread
[6.694s] INFO:colcon.colcon_core.plugin_system:Skipping extension 'colcon_notification.desktop_notification.terminal_notifier': Not used on non-Darwin systems
[6.694s] INFO:colcon.colcon_core.plugin_system:Skipping extension 'colcon_notification.desktop_notification.win32': Not used on non-Windows systems
[6.694s] INFO:colcon.colcon_notification.desktop_notification:Sending desktop notification using 'notify2'
[6.705s] DEBUG:colcon.colcon_core.event_reactor:joined thread
[6.706s] INFO:colcon.colcon_core.shell:Creating prefix script '/home/alex/ros_testing/ros_ex_ws/install/local_setup.ps1'
[6.707s] INFO:colcon.colcon_core.shell:Creating prefix util module '/home/alex/ros_testing/ros_ex_ws/install/_local_setup_util_ps1.py'
[6.709s] INFO:colcon.colcon_core.shell:Creating prefix chain script '/home/alex/ros_testing/ros_ex_ws/install/setup.ps1'
[6.710s] INFO:colcon.colcon_core.shell:Creating prefix script '/home/alex/ros_testing/ros_ex_ws/install/local_setup.sh'
[6.710s] INFO:colcon.colcon_core.shell:Creating prefix util module '/home/alex/ros_testing/ros_ex_ws/install/_local_setup_util_sh.py'
[6.711s] INFO:colcon.colcon_core.shell:Creating prefix chain script '/home/alex/ros_testing/ros_ex_ws/install/setup.sh'
[6.711s] INFO:colcon.colcon_core.shell:Creating prefix script '/home/alex/ros_testing/ros_ex_ws/install/local_setup.bash'
[6.712s] INFO:colcon.colcon_core.shell:Creating prefix chain script '/home/alex/ros_testing/ros_ex_ws/install/setup.bash'
[6.712s] INFO:colcon.colcon_core.shell:Creating prefix script '/home/alex/ros_testing/ros_ex_ws/install/local_setup.zsh'
[6.713s] INFO:colcon.colcon_core.shell:Creating prefix chain script '/home/alex/ros_testing/ros_ex_ws/install/setup.zsh'
