[0.907s] Invoking command in '/home/alex/ros_ex_ws/src/turtlebot_nodes': PYTHONPATH=/home/alex/ros_ex_ws/build/turtlebot_nodes/prefix_override:/usr/lib/python3/dist-packages/colcon_core/task/python/colcon_distutils_commands:/home/alex/ros_ex_ws/install/turtlebot_nodes/lib/python3.10/site-packages:${PYTHONPATH} /usr/bin/python3 -W ignore:setup.py install is deprecated -W ignore:easy_install command is deprecated setup.py egg_info --egg-base ../../build/turtlebot_nodes build --build-base /home/alex/ros_ex_ws/build/turtlebot_nodes/build install --record /home/alex/ros_ex_ws/build/turtlebot_nodes/install.log --single-version-externally-managed install_data
[1.311s] running egg_info
[1.313s] writing ../../build/turtlebot_nodes/turtlebot_nodes.egg-info/PKG-INFO
[1.313s] writing dependency_links to ../../build/turtlebot_nodes/turtlebot_nodes.egg-info/dependency_links.txt
[1.314s] writing entry points to ../../build/turtlebot_nodes/turtlebot_nodes.egg-info/entry_points.txt
[1.314s] writing requirements to ../../build/turtlebot_nodes/turtlebot_nodes.egg-info/requires.txt
[1.315s] writing top-level names to ../../build/turtlebot_nodes/turtlebot_nodes.egg-info/top_level.txt
[1.319s] reading manifest file '../../build/turtlebot_nodes/turtlebot_nodes.egg-info/SOURCES.txt'
[1.319s] writing manifest file '../../build/turtlebot_nodes/turtlebot_nodes.egg-info/SOURCES.txt'
[1.319s] running build
[1.321s] running build_py
[1.321s] copying turtlebot_nodes/occupancy_map.py -> /home/alex/ros_ex_ws/build/turtlebot_nodes/build/lib/turtlebot_nodes
[1.321s] running install
[1.322s] running install_lib
[1.322s] copying /home/alex/ros_ex_ws/build/turtlebot_nodes/build/lib/turtlebot_nodes/occupancy_map.py -> /home/alex/ros_ex_ws/install/turtlebot_nodes/lib/python3.10/site-packages/turtlebot_nodes
[1.324s] byte-compiling /home/alex/ros_ex_ws/install/turtlebot_nodes/lib/python3.10/site-packages/turtlebot_nodes/occupancy_map.py to occupancy_map.cpython-310.pyc
[1.325s] running install_data
[1.325s] running install_egg_info
[1.328s] removing '/home/alex/ros_ex_ws/install/turtlebot_nodes/lib/python3.10/site-packages/turtlebot_nodes-0.0.0-py3.10.egg-info' (and everything under it)
[1.330s] Copying ../../build/turtlebot_nodes/turtlebot_nodes.egg-info to /home/alex/ros_ex_ws/install/turtlebot_nodes/lib/python3.10/site-packages/turtlebot_nodes-0.0.0-py3.10.egg-info
[1.335s] running install_scripts
[1.363s] Installing lab2_test_node script to /home/alex/ros_ex_ws/install/turtlebot_nodes/lib/turtlebot_nodes
[1.363s] Installing map_pub script to /home/alex/ros_ex_ws/install/turtlebot_nodes/lib/turtlebot_nodes
[1.363s] Installing pub_pose script to /home/alex/ros_ex_ws/install/turtlebot_nodes/lib/turtlebot_nodes
[1.364s] writing list of installed files to '/home/alex/ros_ex_ws/build/turtlebot_nodes/install.log'
[1.414s] Invoked command in '/home/alex/ros_ex_ws/src/turtlebot_nodes' returned '0': PYTHONPATH=/home/alex/ros_ex_ws/build/turtlebot_nodes/prefix_override:/usr/lib/python3/dist-packages/colcon_core/task/python/colcon_distutils_commands:/home/alex/ros_ex_ws/install/turtlebot_nodes/lib/python3.10/site-packages:${PYTHONPATH} /usr/bin/python3 -W ignore:setup.py install is deprecated -W ignore:easy_install command is deprecated setup.py egg_info --egg-base ../../build/turtlebot_nodes build --build-base /home/alex/ros_ex_ws/build/turtlebot_nodes/build install --record /home/alex/ros_ex_ws/build/turtlebot_nodes/install.log --single-version-externally-managed install_data
