[0.008s] Invoking command in '/home/alex/ros_testing/ros_ex_ws/build/custom_interfaces': CMAKE_PREFIX_PATH=/opt/ros/humble /usr/bin/cmake --build /home/alex/ros_testing/ros_ex_ws/build/custom_interfaces -- -j2 -l2
[0.067s] [  3%] Built target custom_interfaces__cpp
[0.067s] [ 12%] Built target custom_interfaces__rosidl_generator_c
[0.090s] [ 22%] Built target custom_interfaces__rosidl_typesupport_cpp
[0.096s] [ 22%] Built target ament_cmake_python_copy_custom_interfaces
[0.115s] [ 32%] Built target custom_interfaces__rosidl_typesupport_fastrtps_c
[0.119s] [ 41%] Built target custom_interfaces__rosidl_typesupport_introspection_c
[0.147s] [ 51%] Built target custom_interfaces__rosidl_typesupport_c
[0.150s] [ 61%] Built target custom_interfaces__rosidl_typesupport_fastrtps_cpp
[0.170s] [ 70%] Built target custom_interfaces__rosidl_typesupport_introspection_cpp
[0.189s] [ 70%] Built target custom_interfaces
[0.211s] [ 74%] Built target custom_interfaces__py
[0.260s] [ 80%] Built target custom_interfaces__rosidl_generator_py
[0.289s] [ 87%] Built target custom_interfaces__rosidl_typesupport_fastrtps_c__pyext
[0.312s] [ 93%] Built target custom_interfaces__rosidl_typesupport_introspection_c__pyext
[0.341s] [100%] Built target custom_interfaces__rosidl_typesupport_c__pyext
[0.426s] running egg_info
[0.427s] writing custom_interfaces.egg-info/PKG-INFO
[0.428s] writing dependency_links to custom_interfaces.egg-info/dependency_links.txt
[0.428s] writing top-level names to custom_interfaces.egg-info/top_level.txt
[0.430s] reading manifest file 'custom_interfaces.egg-info/SOURCES.txt'
[0.430s] writing manifest file 'custom_interfaces.egg-info/SOURCES.txt'
[0.461s] [100%] Built target ament_cmake_python_build_custom_interfaces_egg
[0.479s] Invoked command in '/home/alex/ros_testing/ros_ex_ws/build/custom_interfaces' returned '0': CMAKE_PREFIX_PATH=/opt/ros/humble /usr/bin/cmake --build /home/alex/ros_testing/ros_ex_ws/build/custom_interfaces -- -j2 -l2
[0.487s] Invoking command in '/home/alex/ros_testing/ros_ex_ws/build/custom_interfaces': CMAKE_PREFIX_PATH=/opt/ros/humble /usr/bin/cmake --install /home/alex/ros_testing/ros_ex_ws/build/custom_interfaces
[0.497s] -- Install configuration: ""
[0.497s] -- Up-to-date: /home/alex/ros_testing/ros_ex_ws/install/custom_interfaces/share/ament_index/resource_index/rosidl_interfaces/custom_interfaces
[0.498s] -- Up-to-date: /home/alex/ros_testing/ros_ex_ws/install/custom_interfaces/include/custom_interfaces/custom_interfaces
[0.498s] -- Up-to-date: /home/alex/ros_testing/ros_ex_ws/install/custom_interfaces/include/custom_interfaces/custom_interfaces/action
[0.498s] -- Up-to-date: /home/alex/ros_testing/ros_ex_ws/install/custom_interfaces/include/custom_interfaces/custom_interfaces/action/robot_goal.h
[0.498s] -- Up-to-date: /home/alex/ros_testing/ros_ex_ws/install/custom_interfaces/include/custom_interfaces/custom_interfaces/action/detail
[0.498s] -- Up-to-date: /home/alex/ros_testing/ros_ex_ws/install/custom_interfaces/include/custom_interfaces/custom_interfaces/action/detail/robot_goal__type_support.h
[0.498s] -- Up-to-date: /home/alex/ros_testing/ros_ex_ws/install/custom_interfaces/include/custom_interfaces/custom_interfaces/action/detail/robot_goal__functions.c
[0.498s] -- Up-to-date: /home/alex/ros_testing/ros_ex_ws/install/custom_interfaces/include/custom_interfaces/custom_interfaces/action/detail/robot_goal__functions.h
[0.498s] -- Up-to-date: /home/alex/ros_testing/ros_ex_ws/install/custom_interfaces/include/custom_interfaces/custom_interfaces/action/detail/robot_goal__struct.h
[0.498s] -- Up-to-date: /home/alex/ros_testing/ros_ex_ws/install/custom_interfaces/include/custom_interfaces/custom_interfaces/msg
[0.499s] -- Up-to-date: /home/alex/ros_testing/ros_ex_ws/install/custom_interfaces/include/custom_interfaces/custom_interfaces/msg/rosidl_generator_c__visibility_control.h
[0.499s] -- Up-to-date: /home/alex/ros_testing/ros_ex_ws/install/custom_interfaces/share/custom_interfaces/environment/library_path.sh
[0.499s] -- Up-to-date: /home/alex/ros_testing/ros_ex_ws/install/custom_interfaces/share/custom_interfaces/environment/library_path.dsv
[0.500s] -- Up-to-date: /home/alex/ros_testing/ros_ex_ws/install/custom_interfaces/lib/libcustom_interfaces__rosidl_generator_c.so
[0.501s] -- Up-to-date: /home/alex/ros_testing/ros_ex_ws/install/custom_interfaces/include/custom_interfaces/custom_interfaces
[0.501s] -- Up-to-date: /home/alex/ros_testing/ros_ex_ws/install/custom_interfaces/include/custom_interfaces/custom_interfaces/action
[0.502s] -- Up-to-date: /home/alex/ros_testing/ros_ex_ws/install/custom_interfaces/include/custom_interfaces/custom_interfaces/action/detail
[0.502s] -- Up-to-date: /home/alex/ros_testing/ros_ex_ws/install/custom_interfaces/include/custom_interfaces/custom_interfaces/action/detail/robot_goal__rosidl_typesupport_fastrtps_c.h
[0.502s] -- Up-to-date: /home/alex/ros_testing/ros_ex_ws/install/custom_interfaces/include/custom_interfaces/custom_interfaces/msg
[0.502s] -- Up-to-date: /home/alex/ros_testing/ros_ex_ws/install/custom_interfaces/include/custom_interfaces/custom_interfaces/msg/rosidl_typesupport_fastrtps_c__visibility_control.h
[0.502s] -- Up-to-date: /home/alex/ros_testing/ros_ex_ws/install/custom_interfaces/lib/libcustom_interfaces__rosidl_typesupport_fastrtps_c.so
[0.503s] -- Up-to-date: /home/alex/ros_testing/ros_ex_ws/install/custom_interfaces/include/custom_interfaces/custom_interfaces
[0.506s] -- Up-to-date: /home/alex/ros_testing/ros_ex_ws/install/custom_interfaces/include/custom_interfaces/custom_interfaces/action
[0.506s] -- Up-to-date: /home/alex/ros_testing/ros_ex_ws/install/custom_interfaces/include/custom_interfaces/custom_interfaces/action/detail
[0.506s] -- Up-to-date: /home/alex/ros_testing/ros_ex_ws/install/custom_interfaces/include/custom_interfaces/custom_interfaces/action/detail/robot_goal__type_support.c
[0.506s] -- Up-to-date: /home/alex/ros_testing/ros_ex_ws/install/custom_interfaces/include/custom_interfaces/custom_interfaces/action/detail/robot_goal__rosidl_typesupport_introspection_c.h
[0.506s] -- Up-to-date: /home/alex/ros_testing/ros_ex_ws/install/custom_interfaces/include/custom_interfaces/custom_interfaces/msg
[0.506s] -- Up-to-date: /home/alex/ros_testing/ros_ex_ws/install/custom_interfaces/include/custom_interfaces/custom_interfaces/msg/rosidl_typesupport_introspection_c__visibility_control.h
[0.506s] -- Up-to-date: /home/alex/ros_testing/ros_ex_ws/install/custom_interfaces/lib/libcustom_interfaces__rosidl_typesupport_introspection_c.so
[0.506s] -- Up-to-date: /home/alex/ros_testing/ros_ex_ws/install/custom_interfaces/lib/libcustom_interfaces__rosidl_typesupport_c.so
[0.506s] -- Up-to-date: /home/alex/ros_testing/ros_ex_ws/install/custom_interfaces/include/custom_interfaces/custom_interfaces
[0.506s] -- Up-to-date: /home/alex/ros_testing/ros_ex_ws/install/custom_interfaces/include/custom_interfaces/custom_interfaces/action
[0.507s] -- Up-to-date: /home/alex/ros_testing/ros_ex_ws/install/custom_interfaces/include/custom_interfaces/custom_interfaces/action/robot_goal.hpp
[0.507s] -- Up-to-date: /home/alex/ros_testing/ros_ex_ws/install/custom_interfaces/include/custom_interfaces/custom_interfaces/action/detail
[0.507s] -- Up-to-date: /home/alex/ros_testing/ros_ex_ws/install/custom_interfaces/include/custom_interfaces/custom_interfaces/action/detail/robot_goal__type_support.hpp
[0.507s] -- Up-to-date: /home/alex/ros_testing/ros_ex_ws/install/custom_interfaces/include/custom_interfaces/custom_interfaces/action/detail/robot_goal__struct.hpp
[0.507s] -- Up-to-date: /home/alex/ros_testing/ros_ex_ws/install/custom_interfaces/include/custom_interfaces/custom_interfaces/action/detail/robot_goal__traits.hpp
[0.507s] -- Up-to-date: /home/alex/ros_testing/ros_ex_ws/install/custom_interfaces/include/custom_interfaces/custom_interfaces/action/detail/robot_goal__builder.hpp
[0.507s] -- Up-to-date: /home/alex/ros_testing/ros_ex_ws/install/custom_interfaces/include/custom_interfaces/custom_interfaces/msg
[0.507s] -- Up-to-date: /home/alex/ros_testing/ros_ex_ws/install/custom_interfaces/include/custom_interfaces/custom_interfaces/msg/rosidl_generator_cpp__visibility_control.hpp
[0.507s] -- Up-to-date: /home/alex/ros_testing/ros_ex_ws/install/custom_interfaces/include/custom_interfaces/custom_interfaces
[0.507s] -- Up-to-date: /home/alex/ros_testing/ros_ex_ws/install/custom_interfaces/include/custom_interfaces/custom_interfaces/action
[0.507s] -- Up-to-date: /home/alex/ros_testing/ros_ex_ws/install/custom_interfaces/include/custom_interfaces/custom_interfaces/action/detail
[0.507s] -- Up-to-date: /home/alex/ros_testing/ros_ex_ws/install/custom_interfaces/include/custom_interfaces/custom_interfaces/action/detail/dds_fastrtps
[0.507s] -- Up-to-date: /home/alex/ros_testing/ros_ex_ws/install/custom_interfaces/include/custom_interfaces/custom_interfaces/action/detail/robot_goal__rosidl_typesupport_fastrtps_cpp.hpp
[0.508s] -- Up-to-date: /home/alex/ros_testing/ros_ex_ws/install/custom_interfaces/include/custom_interfaces/custom_interfaces/msg
[0.508s] -- Up-to-date: /home/alex/ros_testing/ros_ex_ws/install/custom_interfaces/include/custom_interfaces/custom_interfaces/msg/rosidl_typesupport_fastrtps_cpp__visibility_control.h
[0.508s] -- Up-to-date: /home/alex/ros_testing/ros_ex_ws/install/custom_interfaces/lib/libcustom_interfaces__rosidl_typesupport_fastrtps_cpp.so
[0.511s] -- Up-to-date: /home/alex/ros_testing/ros_ex_ws/install/custom_interfaces/include/custom_interfaces/custom_interfaces
[0.514s] -- Up-to-date: /home/alex/ros_testing/ros_ex_ws/install/custom_interfaces/include/custom_interfaces/custom_interfaces/action
[0.517s] -- Up-to-date: /home/alex/ros_testing/ros_ex_ws/install/custom_interfaces/include/custom_interfaces/custom_interfaces/action/detail
[0.517s] -- Up-to-date: /home/alex/ros_testing/ros_ex_ws/install/custom_interfaces/include/custom_interfaces/custom_interfaces/action/detail/robot_goal__rosidl_typesupport_introspection_cpp.hpp
[0.517s] -- Up-to-date: /home/alex/ros_testing/ros_ex_ws/install/custom_interfaces/include/custom_interfaces/custom_interfaces/action/detail/robot_goal__type_support.cpp
[0.517s] -- Up-to-date: /home/alex/ros_testing/ros_ex_ws/install/custom_interfaces/lib/libcustom_interfaces__rosidl_typesupport_introspection_cpp.so
[0.517s] -- Up-to-date: /home/alex/ros_testing/ros_ex_ws/install/custom_interfaces/lib/libcustom_interfaces__rosidl_typesupport_cpp.so
[0.517s] -- Up-to-date: /home/alex/ros_testing/ros_ex_ws/install/custom_interfaces/share/custom_interfaces/environment/pythonpath.sh
[0.517s] -- Up-to-date: /home/alex/ros_testing/ros_ex_ws/install/custom_interfaces/share/custom_interfaces/environment/pythonpath.dsv
[0.517s] -- Up-to-date: /home/alex/ros_testing/ros_ex_ws/install/custom_interfaces/local/lib/python3.10/dist-packages/custom_interfaces-0.0.0-py3.10.egg-info
[0.517s] -- Installing: /home/alex/ros_testing/ros_ex_ws/install/custom_interfaces/local/lib/python3.10/dist-packages/custom_interfaces-0.0.0-py3.10.egg-info/SOURCES.txt
[0.517s] -- Installing: /home/alex/ros_testing/ros_ex_ws/install/custom_interfaces/local/lib/python3.10/dist-packages/custom_interfaces-0.0.0-py3.10.egg-info/top_level.txt
[0.517s] -- Installing: /home/alex/ros_testing/ros_ex_ws/install/custom_interfaces/local/lib/python3.10/dist-packages/custom_interfaces-0.0.0-py3.10.egg-info/dependency_links.txt
[0.517s] -- Installing: /home/alex/ros_testing/ros_ex_ws/install/custom_interfaces/local/lib/python3.10/dist-packages/custom_interfaces-0.0.0-py3.10.egg-info/PKG-INFO
[0.518s] -- Up-to-date: /home/alex/ros_testing/ros_ex_ws/install/custom_interfaces/local/lib/python3.10/dist-packages/custom_interfaces
[0.518s] -- Up-to-date: /home/alex/ros_testing/ros_ex_ws/install/custom_interfaces/local/lib/python3.10/dist-packages/custom_interfaces/custom_interfaces_s__rosidl_typesupport_c.cpython-310-x86_64-linux-gnu.so
[0.523s] -- Up-to-date: /home/alex/ros_testing/ros_ex_ws/install/custom_interfaces/local/lib/python3.10/dist-packages/custom_interfaces/_custom_interfaces_s.ep.rosidl_typesupport_c.c
[0.523s] -- Up-to-date: /home/alex/ros_testing/ros_ex_ws/install/custom_interfaces/local/lib/python3.10/dist-packages/custom_interfaces/_custom_interfaces_s.ep.rosidl_typesupport_fastrtps_c.c
[0.523s] -- Up-to-date: /home/alex/ros_testing/ros_ex_ws/install/custom_interfaces/local/lib/python3.10/dist-packages/custom_interfaces/action
[0.523s] -- Up-to-date: /home/alex/ros_testing/ros_ex_ws/install/custom_interfaces/local/lib/python3.10/dist-packages/custom_interfaces/action/_robot_goal_s.c
[0.523s] -- Up-to-date: /home/alex/ros_testing/ros_ex_ws/install/custom_interfaces/local/lib/python3.10/dist-packages/custom_interfaces/action/__init__.py
[0.523s] -- Up-to-date: /home/alex/ros_testing/ros_ex_ws/install/custom_interfaces/local/lib/python3.10/dist-packages/custom_interfaces/action/_robot_goal.py
[0.523s] -- Up-to-date: /home/alex/ros_testing/ros_ex_ws/install/custom_interfaces/local/lib/python3.10/dist-packages/custom_interfaces/_custom_interfaces_s.ep.rosidl_typesupport_introspection_c.c
[0.523s] -- Up-to-date: /home/alex/ros_testing/ros_ex_ws/install/custom_interfaces/local/lib/python3.10/dist-packages/custom_interfaces/custom_interfaces_s__rosidl_typesupport_introspection_c.cpython-310-x86_64-linux-gnu.so
[0.523s] -- Up-to-date: /home/alex/ros_testing/ros_ex_ws/install/custom_interfaces/local/lib/python3.10/dist-packages/custom_interfaces/__init__.py
[0.524s] -- Up-to-date: /home/alex/ros_testing/ros_ex_ws/install/custom_interfaces/local/lib/python3.10/dist-packages/custom_interfaces/libcustom_interfaces__rosidl_generator_py.so
[0.524s] -- Up-to-date: /home/alex/ros_testing/ros_ex_ws/install/custom_interfaces/local/lib/python3.10/dist-packages/custom_interfaces/custom_interfaces_s__rosidl_typesupport_fastrtps_c.cpython-310-x86_64-linux-gnu.so
[0.558s] Listing '/home/alex/ros_testing/ros_ex_ws/install/custom_interfaces/local/lib/python3.10/dist-packages/custom_interfaces'...
[0.558s] Listing '/home/alex/ros_testing/ros_ex_ws/install/custom_interfaces/local/lib/python3.10/dist-packages/custom_interfaces/action'...
[0.559s] -- Up-to-date: /home/alex/ros_testing/ros_ex_ws/install/custom_interfaces/local/lib/python3.10/dist-packages/custom_interfaces/custom_interfaces_s__rosidl_typesupport_fastrtps_c.cpython-310-x86_64-linux-gnu.so
[0.563s] -- Up-to-date: /home/alex/ros_testing/ros_ex_ws/install/custom_interfaces/local/lib/python3.10/dist-packages/custom_interfaces/custom_interfaces_s__rosidl_typesupport_introspection_c.cpython-310-x86_64-linux-gnu.so
[0.563s] -- Up-to-date: /home/alex/ros_testing/ros_ex_ws/install/custom_interfaces/local/lib/python3.10/dist-packages/custom_interfaces/custom_interfaces_s__rosidl_typesupport_c.cpython-310-x86_64-linux-gnu.so
[0.563s] -- Up-to-date: /home/alex/ros_testing/ros_ex_ws/install/custom_interfaces/lib/libcustom_interfaces__rosidl_generator_py.so
[0.563s] -- Up-to-date: /home/alex/ros_testing/ros_ex_ws/install/custom_interfaces/share/custom_interfaces/action/RobotGoal.idl
[0.563s] -- Up-to-date: /home/alex/ros_testing/ros_ex_ws/install/custom_interfaces/share/custom_interfaces/action/RobotGoal.action
[0.563s] -- Up-to-date: /home/alex/ros_testing/ros_ex_ws/install/custom_interfaces/share/ament_index/resource_index/package_run_dependencies/custom_interfaces
[0.563s] -- Up-to-date: /home/alex/ros_testing/ros_ex_ws/install/custom_interfaces/share/ament_index/resource_index/parent_prefix_path/custom_interfaces
[0.565s] -- Up-to-date: /home/alex/ros_testing/ros_ex_ws/install/custom_interfaces/share/custom_interfaces/environment/ament_prefix_path.sh
[0.566s] -- Up-to-date: /home/alex/ros_testing/ros_ex_ws/install/custom_interfaces/share/custom_interfaces/environment/ament_prefix_path.dsv
[0.566s] -- Up-to-date: /home/alex/ros_testing/ros_ex_ws/install/custom_interfaces/share/custom_interfaces/environment/path.sh
[0.566s] -- Up-to-date: /home/alex/ros_testing/ros_ex_ws/install/custom_interfaces/share/custom_interfaces/environment/path.dsv
[0.566s] -- Up-to-date: /home/alex/ros_testing/ros_ex_ws/install/custom_interfaces/share/custom_interfaces/local_setup.bash
[0.566s] -- Up-to-date: /home/alex/ros_testing/ros_ex_ws/install/custom_interfaces/share/custom_interfaces/local_setup.sh
[0.566s] -- Up-to-date: /home/alex/ros_testing/ros_ex_ws/install/custom_interfaces/share/custom_interfaces/local_setup.zsh
[0.566s] -- Up-to-date: /home/alex/ros_testing/ros_ex_ws/install/custom_interfaces/share/custom_interfaces/local_setup.dsv
[0.569s] -- Installing: /home/alex/ros_testing/ros_ex_ws/install/custom_interfaces/share/custom_interfaces/package.dsv
[0.569s] -- Up-to-date: /home/alex/ros_testing/ros_ex_ws/install/custom_interfaces/share/ament_index/resource_index/packages/custom_interfaces
[0.569s] -- Up-to-date: /home/alex/ros_testing/ros_ex_ws/install/custom_interfaces/share/custom_interfaces/cmake/export_custom_interfaces__rosidl_generator_cExport.cmake
[0.569s] -- Up-to-date: /home/alex/ros_testing/ros_ex_ws/install/custom_interfaces/share/custom_interfaces/cmake/export_custom_interfaces__rosidl_generator_cExport-noconfig.cmake
[0.569s] -- Up-to-date: /home/alex/ros_testing/ros_ex_ws/install/custom_interfaces/share/custom_interfaces/cmake/export_custom_interfaces__rosidl_typesupport_fastrtps_cExport.cmake
[0.569s] -- Up-to-date: /home/alex/ros_testing/ros_ex_ws/install/custom_interfaces/share/custom_interfaces/cmake/export_custom_interfaces__rosidl_typesupport_fastrtps_cExport-noconfig.cmake
[0.569s] -- Up-to-date: /home/alex/ros_testing/ros_ex_ws/install/custom_interfaces/share/custom_interfaces/cmake/custom_interfaces__rosidl_typesupport_introspection_cExport.cmake
[0.569s] -- Up-to-date: /home/alex/ros_testing/ros_ex_ws/install/custom_interfaces/share/custom_interfaces/cmake/custom_interfaces__rosidl_typesupport_introspection_cExport-noconfig.cmake
[0.569s] -- Up-to-date: /home/alex/ros_testing/ros_ex_ws/install/custom_interfaces/share/custom_interfaces/cmake/custom_interfaces__rosidl_typesupport_cExport.cmake
[0.569s] -- Up-to-date: /home/alex/ros_testing/ros_ex_ws/install/custom_interfaces/share/custom_interfaces/cmake/custom_interfaces__rosidl_typesupport_cExport-noconfig.cmake
[0.570s] -- Up-to-date: /home/alex/ros_testing/ros_ex_ws/install/custom_interfaces/share/custom_interfaces/cmake/export_custom_interfaces__rosidl_generator_cppExport.cmake
[0.570s] -- Up-to-date: /home/alex/ros_testing/ros_ex_ws/install/custom_interfaces/share/custom_interfaces/cmake/export_custom_interfaces__rosidl_typesupport_fastrtps_cppExport.cmake
[0.570s] -- Up-to-date: /home/alex/ros_testing/ros_ex_ws/install/custom_interfaces/share/custom_interfaces/cmake/export_custom_interfaces__rosidl_typesupport_fastrtps_cppExport-noconfig.cmake
[0.570s] -- Up-to-date: /home/alex/ros_testing/ros_ex_ws/install/custom_interfaces/share/custom_interfaces/cmake/custom_interfaces__rosidl_typesupport_introspection_cppExport.cmake
[0.570s] -- Up-to-date: /home/alex/ros_testing/ros_ex_ws/install/custom_interfaces/share/custom_interfaces/cmake/custom_interfaces__rosidl_typesupport_introspection_cppExport-noconfig.cmake
[0.570s] -- Up-to-date: /home/alex/ros_testing/ros_ex_ws/install/custom_interfaces/share/custom_interfaces/cmake/custom_interfaces__rosidl_typesupport_cppExport.cmake
[0.570s] -- Up-to-date: /home/alex/ros_testing/ros_ex_ws/install/custom_interfaces/share/custom_interfaces/cmake/custom_interfaces__rosidl_typesupport_cppExport-noconfig.cmake
[0.570s] -- Up-to-date: /home/alex/ros_testing/ros_ex_ws/install/custom_interfaces/share/custom_interfaces/cmake/export_custom_interfaces__rosidl_generator_pyExport.cmake
[0.570s] -- Up-to-date: /home/alex/ros_testing/ros_ex_ws/install/custom_interfaces/share/custom_interfaces/cmake/export_custom_interfaces__rosidl_generator_pyExport-noconfig.cmake
[0.570s] -- Up-to-date: /home/alex/ros_testing/ros_ex_ws/install/custom_interfaces/share/custom_interfaces/cmake/rosidl_cmake-extras.cmake
[0.570s] -- Up-to-date: /home/alex/ros_testing/ros_ex_ws/install/custom_interfaces/share/custom_interfaces/cmake/ament_cmake_export_dependencies-extras.cmake
[0.570s] -- Up-to-date: /home/alex/ros_testing/ros_ex_ws/install/custom_interfaces/share/custom_interfaces/cmake/ament_cmake_export_include_directories-extras.cmake
[0.570s] -- Up-to-date: /home/alex/ros_testing/ros_ex_ws/install/custom_interfaces/share/custom_interfaces/cmake/ament_cmake_export_libraries-extras.cmake
[0.571s] -- Up-to-date: /home/alex/ros_testing/ros_ex_ws/install/custom_interfaces/share/custom_interfaces/cmake/ament_cmake_export_targets-extras.cmake
[0.572s] -- Up-to-date: /home/alex/ros_testing/ros_ex_ws/install/custom_interfaces/share/custom_interfaces/cmake/rosidl_cmake_export_typesupport_targets-extras.cmake
[0.572s] -- Up-to-date: /home/alex/ros_testing/ros_ex_ws/install/custom_interfaces/share/custom_interfaces/cmake/rosidl_cmake_export_typesupport_libraries-extras.cmake
[0.572s] -- Up-to-date: /home/alex/ros_testing/ros_ex_ws/install/custom_interfaces/share/custom_interfaces/cmake/custom_interfacesConfig.cmake
[0.575s] -- Up-to-date: /home/alex/ros_testing/ros_ex_ws/install/custom_interfaces/share/custom_interfaces/cmake/custom_interfacesConfig-version.cmake
[0.575s] -- Up-to-date: /home/alex/ros_testing/ros_ex_ws/install/custom_interfaces/share/custom_interfaces/package.xml
[0.575s] Invoked command in '/home/alex/ros_testing/ros_ex_ws/build/custom_interfaces' returned '0': CMAKE_PREFIX_PATH=/opt/ros/humble /usr/bin/cmake --install /home/alex/ros_testing/ros_ex_ws/build/custom_interfaces
