running egg_info
writing ../../build/turtlebot_nodes/turtlebot_nodes.egg-info/PKG-INFO
writing dependency_links to ../../build/turtlebot_nodes/turtlebot_nodes.egg-info/dependency_links.txt
writing entry points to ../../build/turtlebot_nodes/turtlebot_nodes.egg-info/entry_points.txt
writing requirements to ../../build/turtlebot_nodes/turtlebot_nodes.egg-info/requires.txt
writing top-level names to ../../build/turtlebot_nodes/turtlebot_nodes.egg-info/top_level.txt
reading manifest file '../../build/turtlebot_nodes/turtlebot_nodes.egg-info/SOURCES.txt'
writing manifest file '../../build/turtlebot_nodes/turtlebot_nodes.egg-info/SOURCES.txt'
running build
running build_py
running install
running install_lib
running install_data
running install_egg_info
removing '/home/alex/ros_testing/ros_ex_ws/install/turtlebot_nodes/lib/python3.10/site-packages/turtlebot_nodes-0.0.0-py3.10.egg-info' (and everything under it)
Copying ../../build/turtlebot_nodes/turtlebot_nodes.egg-info to /home/alex/ros_testing/ros_ex_ws/install/turtlebot_nodes/lib/python3.10/site-packages/turtlebot_nodes-0.0.0-py3.10.egg-info
running install_scripts
Installing lab2_test_node script to /home/alex/ros_testing/ros_ex_ws/install/turtlebot_nodes/lib/turtlebot_nodes
Installing map_pub script to /home/alex/ros_testing/ros_ex_ws/install/turtlebot_nodes/lib/turtlebot_nodes
Installing pub_pose script to /home/alex/ros_testing/ros_ex_ws/install/turtlebot_nodes/lib/turtlebot_nodes
writing list of installed files to '/home/alex/ros_testing/ros_ex_ws/build/turtlebot_nodes/install.log'
