[0.011s] Invoking command in '/home/alex/ros_testing/ros_ex_ws/build/custom_interfaces': CMAKE_PREFIX_PATH=/opt/ros/humble /usr/bin/cmake --build /home/alex/ros_testing/ros_ex_ws/build/custom_interfaces -- -j2 -l2
[0.042s] -- Found ament_cmake: 1.3.11 (/opt/ros/humble/share/ament_cmake/cmake)
[0.183s] -- Found rosidl_default_generators: 1.2.0 (/opt/ros/humble/share/rosidl_default_generators/cmake)
[0.185s] -- Using all available rosidl_typesupport_c: rosidl_typesupport_fastrtps_c;rosidl_typesupport_introspection_c
[0.191s] -- Found rosidl_adapter: 3.1.6 (/opt/ros/humble/share/rosidl_adapter/cmake)
[0.225s] -- Using all available rosidl_typesupport_cpp: rosidl_typesupport_fastrtps_cpp;rosidl_typesupport_introspection_cpp
[0.665s] -- Found ament_cmake_ros: 0.10.0 (/opt/ros/humble/share/ament_cmake_ros/cmake)
[0.880s] -- Using all available rosidl_typesupport_c: rosidl_typesupport_fastrtps_c;rosidl_typesupport_introspection_c
[1.170s] -- Using all available rosidl_typesupport_cpp: rosidl_typesupport_fastrtps_cpp;rosidl_typesupport_introspection_cpp
[1.185s] -- Found python_cmake_module: 0.10.0 (/opt/ros/humble/share/python_cmake_module/cmake)
[1.201s] -- Using PYTHON_EXECUTABLE: /usr/bin/python3
[1.201s] -- Using PYTHON_INCLUDE_DIRS: /usr/include/python3.10
[1.201s] -- Using PYTHON_LIBRARIES: /usr/lib/x86_64-linux-gnu/libpython3.10.so
[1.222s] -- Configuring done
[1.257s] -- Generating done
[1.270s] -- Build files have been written to: /home/alex/ros_testing/ros_ex_ws/build/custom_interfaces
[1.300s] [  3%] [34m[1mGenerating C code for ROS interfaces[0m
[1.314s] [  6%] [34m[1mGenerating C++ code for ROS interfaces[0m
[1.894s] [  6%] Built target custom_interfaces__cpp
[1.911s] [  9%] [32mBuilding C object CMakeFiles/custom_interfaces__rosidl_generator_c.dir/rosidl_generator_c/custom_interfaces/action/detail/robot_goal__functions.c.o[0m
[1.920s] [  9%] Built target ament_cmake_python_copy_custom_interfaces
[1.930s] [ 12%] [34m[1mGenerating C++ type support dispatch for ROS interfaces[0m
[2.086s] [ 16%] [32m[1mLinking C shared library libcustom_interfaces__rosidl_generator_c.so[0m
[2.130s] [ 16%] Built target custom_interfaces__rosidl_generator_c
[2.145s] [ 19%] [34m[1mGenerating C++ type support for eProsima Fast-RTPS[0m
[2.315s] [ 22%] [32mBuilding CXX object CMakeFiles/custom_interfaces__rosidl_typesupport_cpp.dir/rosidl_typesupport_cpp/custom_interfaces/action/robot_goal__type_support.cpp.o[0m
[2.606s] [ 25%] [32mBuilding CXX object CMakeFiles/custom_interfaces__rosidl_typesupport_fastrtps_cpp.dir/rosidl_typesupport_fastrtps_cpp/custom_interfaces/action/detail/dds_fastrtps/robot_goal__type_support.cpp.o[0m
[2.928s] [ 29%] [32m[1mLinking CXX shared library libcustom_interfaces__rosidl_typesupport_cpp.so[0m
[2.995s] [ 29%] Built target custom_interfaces__rosidl_typesupport_cpp
[3.006s] [ 32%] [34m[1mGenerating C++ introspection for ROS interfaces[0m
[3.278s] [ 35%] [32m[1mLinking CXX shared library libcustom_interfaces__rosidl_typesupport_fastrtps_cpp.so[0m
[3.372s] [ 35%] Built target custom_interfaces__rosidl_typesupport_fastrtps_cpp
[3.460s] [ 38%] [32mBuilding CXX object CMakeFiles/custom_interfaces__rosidl_typesupport_introspection_cpp.dir/rosidl_typesupport_introspection_cpp/custom_interfaces/action/detail/robot_goal__type_support.cpp.o[0m
[3.659s] running egg_info
[3.661s] creating custom_interfaces.egg-info
[3.662s] writing custom_interfaces.egg-info/PKG-INFO
[3.662s] writing dependency_links to custom_interfaces.egg-info/dependency_links.txt
[3.663s] writing top-level names to custom_interfaces.egg-info/top_level.txt
[3.663s] writing manifest file 'custom_interfaces.egg-info/SOURCES.txt'
[3.664s] reading manifest file 'custom_interfaces.egg-info/SOURCES.txt'
[3.664s] writing manifest file 'custom_interfaces.egg-info/SOURCES.txt'
[3.698s] [ 38%] Built target ament_cmake_python_build_custom_interfaces_egg
[3.709s] [ 41%] [34m[1mGenerating C type support for eProsima Fast-RTPS[0m
[4.196s] [ 45%] [32m[1mLinking CXX shared library libcustom_interfaces__rosidl_typesupport_introspection_cpp.so[0m
[4.277s] [ 45%] Built target custom_interfaces__rosidl_typesupport_introspection_cpp
[4.286s] [ 48%] [34m[1mGenerating C introspection for ROS interfaces[0m
[4.291s] [ 51%] [32mBuilding CXX object CMakeFiles/custom_interfaces__rosidl_typesupport_fastrtps_c.dir/rosidl_typesupport_fastrtps_c/custom_interfaces/action/detail/robot_goal__type_support_c.cpp.o[0m
[4.741s] [ 54%] [32m[1mLinking CXX shared library libcustom_interfaces__rosidl_typesupport_fastrtps_c.so[0m
[4.781s] [ 58%] [32mBuilding C object CMakeFiles/custom_interfaces__rosidl_typesupport_introspection_c.dir/rosidl_typesupport_introspection_c/custom_interfaces/action/detail/robot_goal__type_support.c.o[0m
[4.833s] [ 61%] [32m[1mLinking C shared library libcustom_interfaces__rosidl_typesupport_introspection_c.so[0m
[4.835s] [ 61%] Built target custom_interfaces__rosidl_typesupport_fastrtps_c
[4.845s] [ 64%] [34m[1mGenerating C type support dispatch for ROS interfaces[0m
[4.882s] [ 64%] Built target custom_interfaces__rosidl_typesupport_introspection_c
[5.078s] [ 67%] [32mBuilding CXX object CMakeFiles/custom_interfaces__rosidl_typesupport_c.dir/rosidl_typesupport_c/custom_interfaces/action/robot_goal__type_support.cpp.o[0m
[5.120s] [ 70%] [32m[1mLinking CXX shared library libcustom_interfaces__rosidl_typesupport_c.so[0m
[5.155s] [ 70%] Built target custom_interfaces__rosidl_typesupport_c
[5.172s] [ 70%] Built target custom_interfaces
[5.187s] [ 74%] [34m[1mGenerating Python code for ROS interfaces[0m
[5.758s] [ 74%] Built target custom_interfaces__py
[5.777s] [ 77%] [32mBuilding C object CMakeFiles/custom_interfaces__rosidl_generator_py.dir/rosidl_generator_py/custom_interfaces/action/_robot_goal_s.c.o[0m
[5.913s] [ 80%] [32m[1mLinking C shared library rosidl_generator_py/custom_interfaces/libcustom_interfaces__rosidl_generator_py.so[0m
[5.945s] [ 80%] Built target custom_interfaces__rosidl_generator_py
[5.970s] [ 83%] [32mBuilding C object CMakeFiles/custom_interfaces__rosidl_typesupport_fastrtps_c__pyext.dir/rosidl_generator_py/custom_interfaces/_custom_interfaces_s.ep.rosidl_typesupport_fastrtps_c.c.o[0m
[5.977s] [ 87%] [32mBuilding C object CMakeFiles/custom_interfaces__rosidl_typesupport_introspection_c__pyext.dir/rosidl_generator_py/custom_interfaces/_custom_interfaces_s.ep.rosidl_typesupport_introspection_c.c.o[0m
[6.117s] [ 90%] [32m[1mLinking C shared library rosidl_generator_py/custom_interfaces/custom_interfaces_s__rosidl_typesupport_introspection_c.cpython-310-x86_64-linux-gnu.so[0m
[6.125s] [ 93%] [32m[1mLinking C shared library rosidl_generator_py/custom_interfaces/custom_interfaces_s__rosidl_typesupport_fastrtps_c.cpython-310-x86_64-linux-gnu.so[0m
[6.162s] [ 93%] Built target custom_interfaces__rosidl_typesupport_introspection_c__pyext
[6.178s] [ 93%] Built target custom_interfaces__rosidl_typesupport_fastrtps_c__pyext
[6.185s] [ 96%] [32mBuilding C object CMakeFiles/custom_interfaces__rosidl_typesupport_c__pyext.dir/rosidl_generator_py/custom_interfaces/_custom_interfaces_s.ep.rosidl_typesupport_c.c.o[0m
[6.281s] [100%] [32m[1mLinking C shared library rosidl_generator_py/custom_interfaces/custom_interfaces_s__rosidl_typesupport_c.cpython-310-x86_64-linux-gnu.so[0m
[6.314s] [100%] Built target custom_interfaces__rosidl_typesupport_c__pyext
[6.324s] Invoked command in '/home/alex/ros_testing/ros_ex_ws/build/custom_interfaces' returned '0': CMAKE_PREFIX_PATH=/opt/ros/humble /usr/bin/cmake --build /home/alex/ros_testing/ros_ex_ws/build/custom_interfaces -- -j2 -l2
[6.332s] Invoking command in '/home/alex/ros_testing/ros_ex_ws/build/custom_interfaces': CMAKE_PREFIX_PATH=/opt/ros/humble /usr/bin/cmake --install /home/alex/ros_testing/ros_ex_ws/build/custom_interfaces
[6.338s] -- Install configuration: ""
[6.338s] -- Installing: /home/alex/ros_testing/ros_ex_ws/install/custom_interfaces/share/ament_index/resource_index/rosidl_interfaces/custom_interfaces
[6.338s] -- Installing: /home/alex/ros_testing/ros_ex_ws/install/custom_interfaces/include/custom_interfaces/custom_interfaces
[6.339s] -- Installing: /home/alex/ros_testing/ros_ex_ws/install/custom_interfaces/include/custom_interfaces/custom_interfaces/action
[6.339s] -- Installing: /home/alex/ros_testing/ros_ex_ws/install/custom_interfaces/include/custom_interfaces/custom_interfaces/action/robot_goal.h
[6.340s] -- Installing: /home/alex/ros_testing/ros_ex_ws/install/custom_interfaces/include/custom_interfaces/custom_interfaces/action/detail
[6.340s] -- Installing: /home/alex/ros_testing/ros_ex_ws/install/custom_interfaces/include/custom_interfaces/custom_interfaces/action/detail/robot_goal__type_support.h
[6.340s] -- Installing: /home/alex/ros_testing/ros_ex_ws/install/custom_interfaces/include/custom_interfaces/custom_interfaces/action/detail/robot_goal__functions.c
[6.341s] -- Installing: /home/alex/ros_testing/ros_ex_ws/install/custom_interfaces/include/custom_interfaces/custom_interfaces/action/detail/robot_goal__functions.h
[6.341s] -- Installing: /home/alex/ros_testing/ros_ex_ws/install/custom_interfaces/include/custom_interfaces/custom_interfaces/action/detail/robot_goal__struct.h
[6.343s] -- Installing: /home/alex/ros_testing/ros_ex_ws/install/custom_interfaces/include/custom_interfaces/custom_interfaces/msg
[6.343s] -- Installing: /home/alex/ros_testing/ros_ex_ws/install/custom_interfaces/include/custom_interfaces/custom_interfaces/msg/rosidl_generator_c__visibility_control.h
[6.343s] -- Installing: /home/alex/ros_testing/ros_ex_ws/install/custom_interfaces/share/custom_interfaces/environment/library_path.sh
[6.343s] -- Installing: /home/alex/ros_testing/ros_ex_ws/install/custom_interfaces/share/custom_interfaces/environment/library_path.dsv
[6.343s] -- Installing: /home/alex/ros_testing/ros_ex_ws/install/custom_interfaces/lib/libcustom_interfaces__rosidl_generator_c.so
[6.343s] -- Set runtime path of "/home/alex/ros_testing/ros_ex_ws/install/custom_interfaces/lib/libcustom_interfaces__rosidl_generator_c.so" to ""
[6.344s] -- Up-to-date: /home/alex/ros_testing/ros_ex_ws/install/custom_interfaces/include/custom_interfaces/custom_interfaces
[6.344s] -- Up-to-date: /home/alex/ros_testing/ros_ex_ws/install/custom_interfaces/include/custom_interfaces/custom_interfaces/action
[6.344s] -- Up-to-date: /home/alex/ros_testing/ros_ex_ws/install/custom_interfaces/include/custom_interfaces/custom_interfaces/action/detail
[6.344s] -- Installing: /home/alex/ros_testing/ros_ex_ws/install/custom_interfaces/include/custom_interfaces/custom_interfaces/action/detail/robot_goal__rosidl_typesupport_fastrtps_c.h
[6.344s] -- Up-to-date: /home/alex/ros_testing/ros_ex_ws/install/custom_interfaces/include/custom_interfaces/custom_interfaces/msg
[6.344s] -- Installing: /home/alex/ros_testing/ros_ex_ws/install/custom_interfaces/include/custom_interfaces/custom_interfaces/msg/rosidl_typesupport_fastrtps_c__visibility_control.h
[6.344s] -- Installing: /home/alex/ros_testing/ros_ex_ws/install/custom_interfaces/lib/libcustom_interfaces__rosidl_typesupport_fastrtps_c.so
[6.345s] -- Set runtime path of "/home/alex/ros_testing/ros_ex_ws/install/custom_interfaces/lib/libcustom_interfaces__rosidl_typesupport_fastrtps_c.so" to ""
[6.345s] -- Up-to-date: /home/alex/ros_testing/ros_ex_ws/install/custom_interfaces/include/custom_interfaces/custom_interfaces
[6.345s] -- Up-to-date: /home/alex/ros_testing/ros_ex_ws/install/custom_interfaces/include/custom_interfaces/custom_interfaces/action
[6.345s] -- Up-to-date: /home/alex/ros_testing/ros_ex_ws/install/custom_interfaces/include/custom_interfaces/custom_interfaces/action/detail
[6.345s] -- Installing: /home/alex/ros_testing/ros_ex_ws/install/custom_interfaces/include/custom_interfaces/custom_interfaces/action/detail/robot_goal__type_support.c
[6.345s] -- Installing: /home/alex/ros_testing/ros_ex_ws/install/custom_interfaces/include/custom_interfaces/custom_interfaces/action/detail/robot_goal__rosidl_typesupport_introspection_c.h
[6.346s] -- Up-to-date: /home/alex/ros_testing/ros_ex_ws/install/custom_interfaces/include/custom_interfaces/custom_interfaces/msg
[6.346s] -- Installing: /home/alex/ros_testing/ros_ex_ws/install/custom_interfaces/include/custom_interfaces/custom_interfaces/msg/rosidl_typesupport_introspection_c__visibility_control.h
[6.346s] -- Installing: /home/alex/ros_testing/ros_ex_ws/install/custom_interfaces/lib/libcustom_interfaces__rosidl_typesupport_introspection_c.so
[6.346s] -- Set runtime path of "/home/alex/ros_testing/ros_ex_ws/install/custom_interfaces/lib/libcustom_interfaces__rosidl_typesupport_introspection_c.so" to ""
[6.347s] -- Installing: /home/alex/ros_testing/ros_ex_ws/install/custom_interfaces/lib/libcustom_interfaces__rosidl_typesupport_c.so
[6.347s] -- Set runtime path of "/home/alex/ros_testing/ros_ex_ws/install/custom_interfaces/lib/libcustom_interfaces__rosidl_typesupport_c.so" to ""
[6.347s] -- Up-to-date: /home/alex/ros_testing/ros_ex_ws/install/custom_interfaces/include/custom_interfaces/custom_interfaces
[6.347s] -- Up-to-date: /home/alex/ros_testing/ros_ex_ws/install/custom_interfaces/include/custom_interfaces/custom_interfaces/action
[6.347s] -- Installing: /home/alex/ros_testing/ros_ex_ws/install/custom_interfaces/include/custom_interfaces/custom_interfaces/action/robot_goal.hpp
[6.348s] -- Up-to-date: /home/alex/ros_testing/ros_ex_ws/install/custom_interfaces/include/custom_interfaces/custom_interfaces/action/detail
[6.348s] -- Installing: /home/alex/ros_testing/ros_ex_ws/install/custom_interfaces/include/custom_interfaces/custom_interfaces/action/detail/robot_goal__type_support.hpp
[6.348s] -- Installing: /home/alex/ros_testing/ros_ex_ws/install/custom_interfaces/include/custom_interfaces/custom_interfaces/action/detail/robot_goal__struct.hpp
[6.348s] -- Installing: /home/alex/ros_testing/ros_ex_ws/install/custom_interfaces/include/custom_interfaces/custom_interfaces/action/detail/robot_goal__traits.hpp
[6.348s] -- Installing: /home/alex/ros_testing/ros_ex_ws/install/custom_interfaces/include/custom_interfaces/custom_interfaces/action/detail/robot_goal__builder.hpp
[6.349s] -- Up-to-date: /home/alex/ros_testing/ros_ex_ws/install/custom_interfaces/include/custom_interfaces/custom_interfaces/msg
[6.349s] -- Installing: /home/alex/ros_testing/ros_ex_ws/install/custom_interfaces/include/custom_interfaces/custom_interfaces/msg/rosidl_generator_cpp__visibility_control.hpp
[6.349s] -- Up-to-date: /home/alex/ros_testing/ros_ex_ws/install/custom_interfaces/include/custom_interfaces/custom_interfaces
[6.349s] -- Up-to-date: /home/alex/ros_testing/ros_ex_ws/install/custom_interfaces/include/custom_interfaces/custom_interfaces/action
[6.349s] -- Up-to-date: /home/alex/ros_testing/ros_ex_ws/install/custom_interfaces/include/custom_interfaces/custom_interfaces/action/detail
[6.350s] -- Installing: /home/alex/ros_testing/ros_ex_ws/install/custom_interfaces/include/custom_interfaces/custom_interfaces/action/detail/dds_fastrtps
[6.350s] -- Installing: /home/alex/ros_testing/ros_ex_ws/install/custom_interfaces/include/custom_interfaces/custom_interfaces/action/detail/robot_goal__rosidl_typesupport_fastrtps_cpp.hpp
[6.350s] -- Up-to-date: /home/alex/ros_testing/ros_ex_ws/install/custom_interfaces/include/custom_interfaces/custom_interfaces/msg
[6.350s] -- Installing: /home/alex/ros_testing/ros_ex_ws/install/custom_interfaces/include/custom_interfaces/custom_interfaces/msg/rosidl_typesupport_fastrtps_cpp__visibility_control.h
[6.350s] -- Installing: /home/alex/ros_testing/ros_ex_ws/install/custom_interfaces/lib/libcustom_interfaces__rosidl_typesupport_fastrtps_cpp.so
[6.350s] -- Set runtime path of "/home/alex/ros_testing/ros_ex_ws/install/custom_interfaces/lib/libcustom_interfaces__rosidl_typesupport_fastrtps_cpp.so" to ""
[6.351s] -- Up-to-date: /home/alex/ros_testing/ros_ex_ws/install/custom_interfaces/include/custom_interfaces/custom_interfaces
[6.351s] -- Up-to-date: /home/alex/ros_testing/ros_ex_ws/install/custom_interfaces/include/custom_interfaces/custom_interfaces/action
[6.351s] -- Up-to-date: /home/alex/ros_testing/ros_ex_ws/install/custom_interfaces/include/custom_interfaces/custom_interfaces/action/detail
[6.352s] -- Installing: /home/alex/ros_testing/ros_ex_ws/install/custom_interfaces/include/custom_interfaces/custom_interfaces/action/detail/robot_goal__rosidl_typesupport_introspection_cpp.hpp
[6.352s] -- Installing: /home/alex/ros_testing/ros_ex_ws/install/custom_interfaces/include/custom_interfaces/custom_interfaces/action/detail/robot_goal__type_support.cpp
[6.352s] -- Installing: /home/alex/ros_testing/ros_ex_ws/install/custom_interfaces/lib/libcustom_interfaces__rosidl_typesupport_introspection_cpp.so
[6.352s] -- Set runtime path of "/home/alex/ros_testing/ros_ex_ws/install/custom_interfaces/lib/libcustom_interfaces__rosidl_typesupport_introspection_cpp.so" to ""
[6.352s] -- Installing: /home/alex/ros_testing/ros_ex_ws/install/custom_interfaces/lib/libcustom_interfaces__rosidl_typesupport_cpp.so
[6.352s] -- Set runtime path of "/home/alex/ros_testing/ros_ex_ws/install/custom_interfaces/lib/libcustom_interfaces__rosidl_typesupport_cpp.so" to ""
[6.352s] -- Installing: /home/alex/ros_testing/ros_ex_ws/install/custom_interfaces/share/custom_interfaces/environment/pythonpath.sh
[6.352s] -- Installing: /home/alex/ros_testing/ros_ex_ws/install/custom_interfaces/share/custom_interfaces/environment/pythonpath.dsv
[6.352s] -- Installing: /home/alex/ros_testing/ros_ex_ws/install/custom_interfaces/local/lib/python3.10/dist-packages/custom_interfaces-0.0.0-py3.10.egg-info
[6.352s] -- Installing: /home/alex/ros_testing/ros_ex_ws/install/custom_interfaces/local/lib/python3.10/dist-packages/custom_interfaces-0.0.0-py3.10.egg-info/SOURCES.txt
[6.352s] -- Installing: /home/alex/ros_testing/ros_ex_ws/install/custom_interfaces/local/lib/python3.10/dist-packages/custom_interfaces-0.0.0-py3.10.egg-info/top_level.txt
[6.352s] -- Installing: /home/alex/ros_testing/ros_ex_ws/install/custom_interfaces/local/lib/python3.10/dist-packages/custom_interfaces-0.0.0-py3.10.egg-info/dependency_links.txt
[6.352s] -- Installing: /home/alex/ros_testing/ros_ex_ws/install/custom_interfaces/local/lib/python3.10/dist-packages/custom_interfaces-0.0.0-py3.10.egg-info/PKG-INFO
[6.353s] -- Installing: /home/alex/ros_testing/ros_ex_ws/install/custom_interfaces/local/lib/python3.10/dist-packages/custom_interfaces
[6.353s] -- Installing: /home/alex/ros_testing/ros_ex_ws/install/custom_interfaces/local/lib/python3.10/dist-packages/custom_interfaces/custom_interfaces_s__rosidl_typesupport_c.cpython-310-x86_64-linux-gnu.so
[6.353s] -- Installing: /home/alex/ros_testing/ros_ex_ws/install/custom_interfaces/local/lib/python3.10/dist-packages/custom_interfaces/_custom_interfaces_s.ep.rosidl_typesupport_c.c
[6.353s] -- Installing: /home/alex/ros_testing/ros_ex_ws/install/custom_interfaces/local/lib/python3.10/dist-packages/custom_interfaces/_custom_interfaces_s.ep.rosidl_typesupport_fastrtps_c.c
[6.353s] -- Installing: /home/alex/ros_testing/ros_ex_ws/install/custom_interfaces/local/lib/python3.10/dist-packages/custom_interfaces/action
[6.353s] -- Installing: /home/alex/ros_testing/ros_ex_ws/install/custom_interfaces/local/lib/python3.10/dist-packages/custom_interfaces/action/_robot_goal_s.c
[6.353s] -- Installing: /home/alex/ros_testing/ros_ex_ws/install/custom_interfaces/local/lib/python3.10/dist-packages/custom_interfaces/action/__init__.py
[6.353s] -- Installing: /home/alex/ros_testing/ros_ex_ws/install/custom_interfaces/local/lib/python3.10/dist-packages/custom_interfaces/action/_robot_goal.py
[6.353s] -- Installing: /home/alex/ros_testing/ros_ex_ws/install/custom_interfaces/local/lib/python3.10/dist-packages/custom_interfaces/_custom_interfaces_s.ep.rosidl_typesupport_introspection_c.c
[6.353s] -- Installing: /home/alex/ros_testing/ros_ex_ws/install/custom_interfaces/local/lib/python3.10/dist-packages/custom_interfaces/custom_interfaces_s__rosidl_typesupport_introspection_c.cpython-310-x86_64-linux-gnu.so
[6.353s] -- Installing: /home/alex/ros_testing/ros_ex_ws/install/custom_interfaces/local/lib/python3.10/dist-packages/custom_interfaces/__init__.py
[6.353s] -- Installing: /home/alex/ros_testing/ros_ex_ws/install/custom_interfaces/local/lib/python3.10/dist-packages/custom_interfaces/libcustom_interfaces__rosidl_generator_py.so
[6.355s] -- Installing: /home/alex/ros_testing/ros_ex_ws/install/custom_interfaces/local/lib/python3.10/dist-packages/custom_interfaces/custom_interfaces_s__rosidl_typesupport_fastrtps_c.cpython-310-x86_64-linux-gnu.so
[6.394s] Listing '/home/alex/ros_testing/ros_ex_ws/install/custom_interfaces/local/lib/python3.10/dist-packages/custom_interfaces'...
[6.394s] Compiling '/home/alex/ros_testing/ros_ex_ws/install/custom_interfaces/local/lib/python3.10/dist-packages/custom_interfaces/__init__.py'...
[6.394s] Listing '/home/alex/ros_testing/ros_ex_ws/install/custom_interfaces/local/lib/python3.10/dist-packages/custom_interfaces/action'...
[6.394s] Compiling '/home/alex/ros_testing/ros_ex_ws/install/custom_interfaces/local/lib/python3.10/dist-packages/custom_interfaces/action/__init__.py'...
[6.394s] Compiling '/home/alex/ros_testing/ros_ex_ws/install/custom_interfaces/local/lib/python3.10/dist-packages/custom_interfaces/action/_robot_goal.py'...
[6.398s] -- Installing: /home/alex/ros_testing/ros_ex_ws/install/custom_interfaces/local/lib/python3.10/dist-packages/custom_interfaces/custom_interfaces_s__rosidl_typesupport_fastrtps_c.cpython-310-x86_64-linux-gnu.so
[6.398s] -- Set runtime path of "/home/alex/ros_testing/ros_ex_ws/install/custom_interfaces/local/lib/python3.10/dist-packages/custom_interfaces/custom_interfaces_s__rosidl_typesupport_fastrtps_c.cpython-310-x86_64-linux-gnu.so" to ""
[6.399s] -- Installing: /home/alex/ros_testing/ros_ex_ws/install/custom_interfaces/local/lib/python3.10/dist-packages/custom_interfaces/custom_interfaces_s__rosidl_typesupport_introspection_c.cpython-310-x86_64-linux-gnu.so
[6.399s] -- Set runtime path of "/home/alex/ros_testing/ros_ex_ws/install/custom_interfaces/local/lib/python3.10/dist-packages/custom_interfaces/custom_interfaces_s__rosidl_typesupport_introspection_c.cpython-310-x86_64-linux-gnu.so" to ""
[6.399s] -- Installing: /home/alex/ros_testing/ros_ex_ws/install/custom_interfaces/local/lib/python3.10/dist-packages/custom_interfaces/custom_interfaces_s__rosidl_typesupport_c.cpython-310-x86_64-linux-gnu.so
[6.400s] -- Set runtime path of "/home/alex/ros_testing/ros_ex_ws/install/custom_interfaces/local/lib/python3.10/dist-packages/custom_interfaces/custom_interfaces_s__rosidl_typesupport_c.cpython-310-x86_64-linux-gnu.so" to ""
[6.400s] -- Installing: /home/alex/ros_testing/ros_ex_ws/install/custom_interfaces/lib/libcustom_interfaces__rosidl_generator_py.so
[6.400s] -- Set runtime path of "/home/alex/ros_testing/ros_ex_ws/install/custom_interfaces/lib/libcustom_interfaces__rosidl_generator_py.so" to ""
[6.400s] -- Installing: /home/alex/ros_testing/ros_ex_ws/install/custom_interfaces/share/custom_interfaces/action/RobotGoal.idl
[6.401s] -- Installing: /home/alex/ros_testing/ros_ex_ws/install/custom_interfaces/share/custom_interfaces/action/RobotGoal.action
[6.401s] -- Installing: /home/alex/ros_testing/ros_ex_ws/install/custom_interfaces/share/ament_index/resource_index/package_run_dependencies/custom_interfaces
[6.402s] -- Installing: /home/alex/ros_testing/ros_ex_ws/install/custom_interfaces/share/ament_index/resource_index/parent_prefix_path/custom_interfaces
[6.402s] -- Installing: /home/alex/ros_testing/ros_ex_ws/install/custom_interfaces/share/custom_interfaces/environment/ament_prefix_path.sh
[6.402s] -- Installing: /home/alex/ros_testing/ros_ex_ws/install/custom_interfaces/share/custom_interfaces/environment/ament_prefix_path.dsv
[6.402s] -- Installing: /home/alex/ros_testing/ros_ex_ws/install/custom_interfaces/share/custom_interfaces/environment/path.sh
[6.402s] -- Installing: /home/alex/ros_testing/ros_ex_ws/install/custom_interfaces/share/custom_interfaces/environment/path.dsv
[6.403s] -- Installing: /home/alex/ros_testing/ros_ex_ws/install/custom_interfaces/share/custom_interfaces/local_setup.bash
[6.403s] -- Installing: /home/alex/ros_testing/ros_ex_ws/install/custom_interfaces/share/custom_interfaces/local_setup.sh
[6.403s] -- Installing: /home/alex/ros_testing/ros_ex_ws/install/custom_interfaces/share/custom_interfaces/local_setup.zsh
[6.403s] -- Installing: /home/alex/ros_testing/ros_ex_ws/install/custom_interfaces/share/custom_interfaces/local_setup.dsv
[6.403s] -- Installing: /home/alex/ros_testing/ros_ex_ws/install/custom_interfaces/share/custom_interfaces/package.dsv
[6.403s] -- Installing: /home/alex/ros_testing/ros_ex_ws/install/custom_interfaces/share/ament_index/resource_index/packages/custom_interfaces
[6.403s] -- Installing: /home/alex/ros_testing/ros_ex_ws/install/custom_interfaces/share/custom_interfaces/cmake/export_custom_interfaces__rosidl_generator_cExport.cmake
[6.403s] -- Installing: /home/alex/ros_testing/ros_ex_ws/install/custom_interfaces/share/custom_interfaces/cmake/export_custom_interfaces__rosidl_generator_cExport-noconfig.cmake
[6.404s] -- Installing: /home/alex/ros_testing/ros_ex_ws/install/custom_interfaces/share/custom_interfaces/cmake/export_custom_interfaces__rosidl_typesupport_fastrtps_cExport.cmake
[6.404s] -- Installing: /home/alex/ros_testing/ros_ex_ws/install/custom_interfaces/share/custom_interfaces/cmake/export_custom_interfaces__rosidl_typesupport_fastrtps_cExport-noconfig.cmake
[6.404s] -- Installing: /home/alex/ros_testing/ros_ex_ws/install/custom_interfaces/share/custom_interfaces/cmake/custom_interfaces__rosidl_typesupport_introspection_cExport.cmake
[6.404s] -- Installing: /home/alex/ros_testing/ros_ex_ws/install/custom_interfaces/share/custom_interfaces/cmake/custom_interfaces__rosidl_typesupport_introspection_cExport-noconfig.cmake
[6.405s] -- Installing: /home/alex/ros_testing/ros_ex_ws/install/custom_interfaces/share/custom_interfaces/cmake/custom_interfaces__rosidl_typesupport_cExport.cmake
[6.405s] -- Installing: /home/alex/ros_testing/ros_ex_ws/install/custom_interfaces/share/custom_interfaces/cmake/custom_interfaces__rosidl_typesupport_cExport-noconfig.cmake
[6.405s] -- Installing: /home/alex/ros_testing/ros_ex_ws/install/custom_interfaces/share/custom_interfaces/cmake/export_custom_interfaces__rosidl_generator_cppExport.cmake
[6.405s] -- Installing: /home/alex/ros_testing/ros_ex_ws/install/custom_interfaces/share/custom_interfaces/cmake/export_custom_interfaces__rosidl_typesupport_fastrtps_cppExport.cmake
[6.405s] -- Installing: /home/alex/ros_testing/ros_ex_ws/install/custom_interfaces/share/custom_interfaces/cmake/export_custom_interfaces__rosidl_typesupport_fastrtps_cppExport-noconfig.cmake
[6.405s] -- Installing: /home/alex/ros_testing/ros_ex_ws/install/custom_interfaces/share/custom_interfaces/cmake/custom_interfaces__rosidl_typesupport_introspection_cppExport.cmake
[6.406s] -- Installing: /home/alex/ros_testing/ros_ex_ws/install/custom_interfaces/share/custom_interfaces/cmake/custom_interfaces__rosidl_typesupport_introspection_cppExport-noconfig.cmake
[6.406s] -- Installing: /home/alex/ros_testing/ros_ex_ws/install/custom_interfaces/share/custom_interfaces/cmake/custom_interfaces__rosidl_typesupport_cppExport.cmake
[6.406s] -- Installing: /home/alex/ros_testing/ros_ex_ws/install/custom_interfaces/share/custom_interfaces/cmake/custom_interfaces__rosidl_typesupport_cppExport-noconfig.cmake
[6.406s] -- Installing: /home/alex/ros_testing/ros_ex_ws/install/custom_interfaces/share/custom_interfaces/cmake/export_custom_interfaces__rosidl_generator_pyExport.cmake
[6.406s] -- Installing: /home/alex/ros_testing/ros_ex_ws/install/custom_interfaces/share/custom_interfaces/cmake/export_custom_interfaces__rosidl_generator_pyExport-noconfig.cmake
[6.407s] -- Installing: /home/alex/ros_testing/ros_ex_ws/install/custom_interfaces/share/custom_interfaces/cmake/rosidl_cmake-extras.cmake
[6.407s] -- Installing: /home/alex/ros_testing/ros_ex_ws/install/custom_interfaces/share/custom_interfaces/cmake/ament_cmake_export_dependencies-extras.cmake
[6.407s] -- Installing: /home/alex/ros_testing/ros_ex_ws/install/custom_interfaces/share/custom_interfaces/cmake/ament_cmake_export_include_directories-extras.cmake
[6.407s] -- Installing: /home/alex/ros_testing/ros_ex_ws/install/custom_interfaces/share/custom_interfaces/cmake/ament_cmake_export_libraries-extras.cmake
[6.408s] -- Installing: /home/alex/ros_testing/ros_ex_ws/install/custom_interfaces/share/custom_interfaces/cmake/ament_cmake_export_targets-extras.cmake
[6.408s] -- Installing: /home/alex/ros_testing/ros_ex_ws/install/custom_interfaces/share/custom_interfaces/cmake/rosidl_cmake_export_typesupport_targets-extras.cmake
[6.408s] -- Installing: /home/alex/ros_testing/ros_ex_ws/install/custom_interfaces/share/custom_interfaces/cmake/rosidl_cmake_export_typesupport_libraries-extras.cmake
[6.408s] -- Installing: /home/alex/ros_testing/ros_ex_ws/install/custom_interfaces/share/custom_interfaces/cmake/custom_interfacesConfig.cmake
[6.408s] -- Installing: /home/alex/ros_testing/ros_ex_ws/install/custom_interfaces/share/custom_interfaces/cmake/custom_interfacesConfig-version.cmake
[6.408s] -- Installing: /home/alex/ros_testing/ros_ex_ws/install/custom_interfaces/share/custom_interfaces/package.xml
[6.412s] Invoked command in '/home/alex/ros_testing/ros_ex_ws/build/custom_interfaces' returned '0': CMAKE_PREFIX_PATH=/opt/ros/humble /usr/bin/cmake --install /home/alex/ros_testing/ros_ex_ws/build/custom_interfaces
